#
# There is insufficient memory for the Java Runtime Environment to continue.
# Native memory allocation (malloc) failed to allocate 1152160 bytes for Chunk::new
# Possible reasons:
#   The system is out of physical RAM or swap space
#   The process is running with CompressedOops enabled, and the Java Heap may be blocking the growth of the native heap
# Possible solutions:
#   Reduce memory load on the system
#   Increase physical memory or swap space
#   Check if swap backing store is full
#   Decrease Java heap size (-Xmx/-Xms)
#   Decrease number of Java threads
#   Decrease Java thread stack sizes (-Xss)
#   Set larger code cache with -XX:ReservedCodeCacheSize=
#   JVM is running with Unscaled Compressed Oops mode in which the Java heap is
#     placed in the first 4GB address space. The Java Heap base address is the
#     maximum limit for the native heap growth. Please use -XX:HeapBaseMinAddress
#     to set the Java Heap base and to place the Java Heap above 4GB virtual address.
# This output file may be truncated or incomplete.
#
#  Out of Memory Error (allocation.cpp:389), pid=27544, tid=0x0000000000006af4
#
# JRE version: OpenJDK Runtime Environment (8.0) (build 1.8.0-25-microsoft-b00)
# Java VM: OpenJDK 64-Bit Server VM (25.71-b00 mixed mode windows-amd64 compressed oops)
# Failed to write core dump. Minidumps are not enabled by default on client versions of Windows
#

---------------  T H R E A D  ---------------

Current thread (0x0000000017ac0000):  JavaThread "C2 CompilerThread2" daemon [_thread_in_native, id=27380, stack(0x0000000018590000,0x0000000018690000)]

Stack: [0x0000000018590000,0x0000000018690000]
[error occurred during error reporting (printing stack bounds), id 0xc0000005]

Native frames: (J=compiled Java code, j=interpreted, Vv=VM code, C=native code)


Current CompileTask:
C2:   4275 3962       4       com.android.tools.r8.ir.optimize.l::k (625 bytes)


---------------  P R O C E S S  ---------------

Java Threads: ( => current thread )
  0x000000001900a800 JavaThread "ForkJoinPool-1-worker-0" daemon [_thread_in_Java, id=16624, stack(0x000000001a460000,0x000000001a560000)]
  0x0000000018b4f800 JavaThread "ForkJoinPool-1-worker-3" daemon [_thread_in_Java, id=14056, stack(0x000000001a360000,0x000000001a460000)]
  0x0000000018b4e800 JavaThread "ForkJoinPool-1-worker-2" daemon [_thread_in_Java, id=20124, stack(0x000000001a260000,0x000000001a360000)]
  0x0000000018b3d000 JavaThread "ForkJoinPool-1-worker-1" daemon [_thread_in_Java, id=27252, stack(0x000000001a160000,0x000000001a260000)]
  0x0000000017b4f800 JavaThread "Service Thread" daemon [_thread_blocked, id=17388, stack(0x0000000018790000,0x0000000018890000)]
  0x0000000017ac2000 JavaThread "C1 CompilerThread3" daemon [_thread_in_native, id=22992, stack(0x0000000018690000,0x0000000018790000)]
=>0x0000000017ac0000 JavaThread "C2 CompilerThread2" daemon [_thread_in_native, id=27380, stack(0x0000000018590000,0x0000000018690000)]
  0x0000000017abb800 JavaThread "C2 CompilerThread1" daemon [_thread_in_native, id=9708, stack(0x0000000018490000,0x0000000018590000)]
  0x0000000017ab9800 JavaThread "C2 CompilerThread0" daemon [_thread_in_native, id=9832, stack(0x0000000018390000,0x0000000018490000)]
  0x0000000017ab8000 JavaThread "Attach Listener" daemon [_thread_blocked, id=16448, stack(0x0000000018290000,0x0000000018390000)]
  0x0000000017ab7000 JavaThread "Signal Dispatcher" daemon [_thread_blocked, id=23652, stack(0x0000000018190000,0x0000000018290000)]
  0x0000000017ab0800 JavaThread "Finalizer" daemon [_thread_blocked, id=14724, stack(0x0000000017f90000,0x0000000018090000)]
  0x0000000003187000 JavaThread "Reference Handler" daemon [_thread_blocked, id=19532, stack(0x0000000017e90000,0x0000000017f90000)]
  0x0000000003093800 JavaThread "main" [_thread_blocked, id=21852, stack(0x0000000002ed0000,0x0000000002fd0000)]

Other Threads:
  0x0000000015ca8000 VMThread [stack: 0x0000000017990000,0x0000000017a90000] [id=26384]
  0x0000000017b50000 WatcherThread [stack: 0x0000000018890000,0x0000000018990000] [id=2780]

VM state:not at safepoint (normal execution)

VM Mutex/Monitor currently owned by a thread:  ([mutex/lock_event])
[0x00000000030928e0] Compile_lock - owner thread: 0x0000000017ac2000
[0x00000000030910e0] MethodCompileQueue_lock - owner thread: 0x0000000017ac2000

heap address: 0x00000000c0000000, size: 1024 MB, Compressed Oops mode: 32-bit
Narrow klass base: 0x0000000000000000, Narrow klass shift: 3
Compressed class space size: 1073741824 Address: 0x0000000100000000

Heap:
 PSYoungGen      total 154112K, used 85192K [0x00000000eab00000, 0x00000000fd800000, 0x0000000100000000)
  eden space 126976K, 49% used [0x00000000eab00000,0x00000000ee804218,0x00000000f2700000)
  from space 27136K, 83% used [0x00000000fbd80000,0x00000000fd3adef8,0x00000000fd800000)
  to   space 22528K, 0% used [0x00000000f2700000,0x00000000f2700000,0x00000000f3d00000)
 ParOldGen       total 84992K, used 51150K [0x00000000c0000000, 0x00000000c5300000, 0x00000000eab00000)
  object space 84992K, 60% used [0x00000000c0000000,0x00000000c31f3818,0x00000000c5300000)
 Metaspace       used 16462K, capacity 17548K, committed 17792K, reserved 1064960K
  class space    used 2048K, capacity 2312K, committed 2432K, reserved 1048576K

Card table byte_map: [0x0000000012550000,0x0000000012760000] byte_map_base: 0x0000000011f50000

Marking Bits: (ParMarkBitMap*) 0x0000000068a88f30
 Begin Bits: [0x00000000130c0000, 0x00000000140c0000)
 End Bits:   [0x00000000140c0000, 0x00000000150c0000)

Polling page: 0x00000000016b0000

CodeCache: size=245760Kb used=15293Kb max_used=15293Kb free=230466Kb
 bounds [0x0000000003190000, 0x0000000004090000, 0x0000000012190000]
 total_blobs=4544 nmethods=4189 adapters=266
 compilation: enabled

Compilation events (10 events):
Event: 4.260 Thread 0x0000000017ac2000 nmethod 4334 0x0000000004075e10 code [0x0000000004075f60, 0x00000000040760b0]
Event: 4.260 Thread 0x0000000017ac2000 4342       2       java.util.HashMap$HashMapSpliterator::<init> (32 bytes)
Event: 4.261 Thread 0x0000000017ac2000 nmethod 4342 0x0000000004076150 code [0x00000000040762a0, 0x0000000004076410]
Event: 4.261 Thread 0x0000000017ac2000 4346       2       com.android.tools.r8.s.b.b0::K (60 bytes)
Event: 4.261 Thread 0x0000000017ac2000 nmethod 4346 0x0000000004076490 code [0x00000000040765e0, 0x0000000004076770]
Event: 4.261 Thread 0x0000000017ac2000 4339       2       com.android.tools.r8.ir.optimize.l::a (327 bytes)
Event: 4.264 Thread 0x0000000017ac2000 nmethod 4339 0x0000000004076810 code [0x0000000004076b60, 0x0000000004077d88]
Event: 4.264 Thread 0x0000000017ac2000 4357 %     3       java.util.HashMap::resize @ 238 (359 bytes)
Event: 4.266 Thread 0x0000000017ac2000 nmethod 4357% 0x0000000004079190 code [0x0000000004079400, 0x000000000407a7e8]
Event: 4.266 Thread 0x0000000017ac2000 4356 % !   3       com.android.tools.r8.ir.optimize.n::a @ 41 (1115 bytes)

GC Heap History (10 events):
Event: 1.133 GC heap before
{Heap before GC invocations=4 (full 0):
 PSYoungGen      total 36864K, used 36843K [0x00000000eab00000, 0x00000000ef300000, 0x0000000100000000)
  eden space 31744K, 100% used [0x00000000eab00000,0x00000000eca00000,0x00000000eca00000)
  from space 5120K, 99% used [0x00000000eca00000,0x00000000ecefae10,0x00000000ecf00000)
  to   space 5120K, 0% used [0x00000000eee00000,0x00000000eee00000,0x00000000ef300000)
 ParOldGen       total 84992K, used 23234K [0x00000000c0000000, 0x00000000c5300000, 0x00000000eab00000)
  object space 84992K, 27% used [0x00000000c0000000,0x00000000c16b0b88,0x00000000c5300000)
 Metaspace       used 9425K, capacity 9894K, committed 9984K, reserved 1058816K
  class space    used 1088K, capacity 1199K, committed 1280K, reserved 1048576K
Event: 1.144 GC heap after
Heap after GC invocations=4 (full 0):
 PSYoungGen      total 68608K, used 5114K [0x00000000eab00000, 0x00000000ef300000, 0x0000000100000000)
  eden space 63488K, 0% used [0x00000000eab00000,0x00000000eab00000,0x00000000ee900000)
  from space 5120K, 99% used [0x00000000eee00000,0x00000000ef2fe910,0x00000000ef300000)
  to   space 5120K, 0% used [0x00000000ee900000,0x00000000ee900000,0x00000000eee00000)
 ParOldGen       total 84992K, used 31769K [0x00000000c0000000, 0x00000000c5300000, 0x00000000eab00000)
  object space 84992K, 37% used [0x00000000c0000000,0x00000000c1f067b8,0x00000000c5300000)
 Metaspace       used 9425K, capacity 9894K, committed 9984K, reserved 1058816K
  class space    used 1088K, capacity 1199K, committed 1280K, reserved 1048576K
}
Event: 1.420 GC heap before
{Heap before GC invocations=5 (full 0):
 PSYoungGen      total 68608K, used 68602K [0x00000000eab00000, 0x00000000ef300000, 0x0000000100000000)
  eden space 63488K, 100% used [0x00000000eab00000,0x00000000ee900000,0x00000000ee900000)
  from space 5120K, 99% used [0x00000000eee00000,0x00000000ef2fe910,0x00000000ef300000)
  to   space 5120K, 0% used [0x00000000ee900000,0x00000000ee900000,0x00000000eee00000)
 ParOldGen       total 84992K, used 31769K [0x00000000c0000000, 0x00000000c5300000, 0x00000000eab00000)
  object space 84992K, 37% used [0x00000000c0000000,0x00000000c1f067b8,0x00000000c5300000)
 Metaspace       used 10040K, capacity 10530K, committed 10880K, reserved 1058816K
  class space    used 1172K, capacity 1283K, committed 1408K, reserved 1048576K
Event: 1.447 GC heap after
Heap after GC invocations=5 (full 0):
 PSYoungGen      total 68608K, used 5097K [0x00000000eab00000, 0x00000000f5600000, 0x0000000100000000)
  eden space 63488K, 0% used [0x00000000eab00000,0x00000000eab00000,0x00000000ee900000)
  from space 5120K, 99% used [0x00000000ee900000,0x00000000eedfa4a8,0x00000000eee00000)
  to   space 24064K, 0% used [0x00000000f3e80000,0x00000000f3e80000,0x00000000f5600000)
 ParOldGen       total 84992K, used 46826K [0x00000000c0000000, 0x00000000c5300000, 0x00000000eab00000)
  object space 84992K, 55% used [0x00000000c0000000,0x00000000c2dba9c0,0x00000000c5300000)
 Metaspace       used 10040K, capacity 10530K, committed 10880K, reserved 1058816K
  class space    used 1172K, capacity 1283K, committed 1408K, reserved 1048576K
}
Event: 1.586 GC heap before
{Heap before GC invocations=6 (full 0):
 PSYoungGen      total 68608K, used 68585K [0x00000000eab00000, 0x00000000f5600000, 0x0000000100000000)
  eden space 63488K, 100% used [0x00000000eab00000,0x00000000ee900000,0x00000000ee900000)
  from space 5120K, 99% used [0x00000000ee900000,0x00000000eedfa4a8,0x00000000eee00000)
  to   space 24064K, 0% used [0x00000000f3e80000,0x00000000f3e80000,0x00000000f5600000)
 ParOldGen       total 84992K, used 46826K [0x00000000c0000000, 0x00000000c5300000, 0x00000000eab00000)
  object space 84992K, 55% used [0x00000000c0000000,0x00000000c2dba9c0,0x00000000c5300000)
 Metaspace       used 10119K, capacity 10594K, committed 10880K, reserved 1058816K
  class space    used 1177K, capacity 1283K, committed 1408K, reserved 1048576K
Event: 1.611 GC heap after
Heap after GC invocations=6 (full 0):
 PSYoungGen      total 147968K, used 14429K [0x00000000eab00000, 0x00000000f5300000, 0x0000000100000000)
  eden space 126976K, 0% used [0x00000000eab00000,0x00000000eab00000,0x00000000f2700000)
  from space 20992K, 68% used [0x00000000f3e80000,0x00000000f4c97590,0x00000000f5300000)
  to   space 22528K, 0% used [0x00000000f2700000,0x00000000f2700000,0x00000000f3d00000)
 ParOldGen       total 84992K, used 46834K [0x00000000c0000000, 0x00000000c5300000, 0x00000000eab00000)
  object space 84992K, 55% used [0x00000000c0000000,0x00000000c2dbc9c0,0x00000000c5300000)
 Metaspace       used 10119K, capacity 10594K, committed 10880K, reserved 1058816K
  class space    used 1177K, capacity 1283K, committed 1408K, reserved 1048576K
}
Event: 3.145 GC heap before
{Heap before GC invocations=7 (full 0):
 PSYoungGen      total 147968K, used 141405K [0x00000000eab00000, 0x00000000f5300000, 0x0000000100000000)
  eden space 126976K, 100% used [0x00000000eab00000,0x00000000f2700000,0x00000000f2700000)
  from space 20992K, 68% used [0x00000000f3e80000,0x00000000f4c97590,0x00000000f5300000)
  to   space 22528K, 0% used [0x00000000f2700000,0x00000000f2700000,0x00000000f3d00000)
 ParOldGen       total 84992K, used 46834K [0x00000000c0000000, 0x00000000c5300000, 0x00000000eab00000)
  object space 84992K, 55% used [0x00000000c0000000,0x00000000c2dbc9c0,0x00000000c5300000)
 Metaspace       used 15822K, capacity 16812K, committed 16896K, reserved 1064960K
  class space    used 2027K, capacity 2272K, committed 2304K, reserved 1048576K
Event: 3.180 GC heap after
Heap after GC invocations=7 (full 0):
 PSYoungGen      total 149504K, used 22515K [0x00000000eab00000, 0x00000000fd800000, 0x0000000100000000)
  eden space 126976K, 0% used [0x00000000eab00000,0x00000000eab00000,0x00000000f2700000)
  from space 22528K, 99% used [0x00000000f2700000,0x00000000f3cfcc90,0x00000000f3d00000)
  to   space 27136K, 0% used [0x00000000fbd80000,0x00000000fbd80000,0x00000000fd800000)
 ParOldGen       total 84992K, used 50176K [0x00000000c0000000, 0x00000000c5300000, 0x00000000eab00000)
  object space 84992K, 59% used [0x00000000c0000000,0x00000000c31001c0,0x00000000c5300000)
 Metaspace       used 15822K, capacity 16812K, committed 16896K, reserved 1064960K
  class space    used 2027K, capacity 2272K, committed 2304K, reserved 1048576K
}
Event: 3.923 GC heap before
{Heap before GC invocations=8 (full 0):
 PSYoungGen      total 149504K, used 149491K [0x00000000eab00000, 0x00000000fd800000, 0x0000000100000000)
  eden space 126976K, 100% used [0x00000000eab00000,0x00000000f2700000,0x00000000f2700000)
  from space 22528K, 99% used [0x00000000f2700000,0x00000000f3cfcc90,0x00000000f3d00000)
  to   space 27136K, 0% used [0x00000000fbd80000,0x00000000fbd80000,0x00000000fd800000)
 ParOldGen       total 84992K, used 50176K [0x00000000c0000000, 0x00000000c5300000, 0x00000000eab00000)
  object space 84992K, 59% used [0x00000000c0000000,0x00000000c31001c0,0x00000000c5300000)
 Metaspace       used 16216K, capacity 17284K, committed 17536K, reserved 1064960K
  class space    used 2048K, capacity 2312K, committed 2432K, reserved 1048576K
Event: 3.965 GC heap after
Heap after GC invocations=8 (full 0):
 PSYoungGen      total 154112K, used 22711K [0x00000000eab00000, 0x00000000fd800000, 0x0000000100000000)
  eden space 126976K, 0% used [0x00000000eab00000,0x00000000eab00000,0x00000000f2700000)
  from space 27136K, 83% used [0x00000000fbd80000,0x00000000fd3adef8,0x00000000fd800000)
  to   space 22528K, 0% used [0x00000000f2700000,0x00000000f2700000,0x00000000f3d00000)
 ParOldGen       total 84992K, used 51150K [0x00000000c0000000, 0x00000000c5300000, 0x00000000eab00000)
  object space 84992K, 60% used [0x00000000c0000000,0x00000000c31f3818,0x00000000c5300000)
 Metaspace       used 16216K, capacity 17284K, committed 17536K, reserved 1064960K
  class space    used 2048K, capacity 2312K, committed 2432K, reserved 1048576K
}

Deoptimization events (10 events):
Event: 3.223 Thread 0x0000000018b4f800 Uncommon trap: reason=bimorphic action=maybe_recompile pc=0x0000000003be9b20 method=com.android.tools.r8.s.a.h.e.b(Lcom/android/tools/r8/s/b/k0;)V @ 43
Event: 3.285 Thread 0x0000000018b4f800 Uncommon trap: reason=unstable_if action=reinterpret pc=0x0000000003893000 method=com.android.tools.r8.graph.g0.computeEquals(Ljava/lang/Object;)Z @ 37
Event: 3.285 Thread 0x0000000018b4f800 Uncommon trap: reason=unstable_if action=reinterpret pc=0x0000000003675254 method=com.android.tools.r8.graph.g0.computeEquals(Ljava/lang/Object;)Z @ 37
Event: 3.341 Thread 0x0000000018b4e800 Uncommon trap: reason=bimorphic action=maybe_recompile pc=0x0000000003be9b20 method=com.android.tools.r8.s.a.h.e.b(Lcom/android/tools/r8/s/b/k0;)V @ 43
Event: 3.863 Thread 0x0000000018b4e800 Uncommon trap: reason=unstable_if action=reinterpret pc=0x00000000037445dc method=java.util.concurrent.ConcurrentHashMap.computeIfAbsent(Ljava/lang/Object;Ljava/util/function/Function;)Ljava/lang/Object; @ 281
Event: 3.873 Thread 0x0000000018b3d000 Uncommon trap: reason=class_check action=maybe_recompile pc=0x0000000003d34d84 method=com.android.tools.r8.ir.optimize.K.a(Lcom/android/tools/r8/s/b/k0;)Z @ 93
Event: 3.873 Thread 0x0000000018b3d000 Uncommon trap: reason=class_check action=maybe_recompile pc=0x0000000003d34d84 method=com.android.tools.r8.ir.optimize.K.a(Lcom/android/tools/r8/s/b/k0;)Z @ 93
Event: 4.046 Thread 0x000000001900a800 Uncommon trap: reason=unstable_if action=reinterpret pc=0x0000000003950550 method=java.util.HashMap.putVal(ILjava/lang/Object;Ljava/lang/Object;ZZ)Ljava/lang/Object; @ 162
Event: 4.046 Thread 0x000000001900a800 Uncommon trap: reason=unstable_if action=reinterpret pc=0x0000000003308f8c method=java.util.HashMap.resize()[Ljava/util/HashMap$Node; @ 206
Event: 4.060 Thread 0x000000001900a800 Uncommon trap: reason=unstable_if action=reinterpret pc=0x0000000003e40b30 method=com.android.tools.r8.ir.conversion.o.d(I)Lcom/android/tools/r8/s/b/W0; @ 59

Classes redefined (0 events):
No events

Internal exceptions (10 events):
Event: 0.730 Thread 0x0000000003093800 Implicit null exception at 0x00000000034077a5 to 0x0000000003407df9
Event: 0.731 Thread 0x0000000003093800 Implicit null exception at 0x00000000033fc4b8 to 0x00000000033fc97d
Event: 1.335 Thread 0x0000000003093800 Exception <a 'java/lang/IncompatibleClassChangeError': Found class java.lang.Object, but interface was expected> (0x00000000ede07da0) thrown at [D:\j\worksp~1\openjd~3\jdk8u\hotspot\src\share\vm\interpreter\linkResolver.cpp, line 653]
Event: 2.012 Thread 0x0000000018b4e800 Implicit null exception at 0x0000000003637def to 0x0000000003637e8d
Event: 2.122 Thread 0x0000000018b3d000 Exception <a 'java/lang/NoSuchMethodError': java.lang.Object.b(Lcom/android/tools/r8/graph/p1$b;)Lcom/android/tools/r8/graph/p1$b;> (0x00000000eda31af0) thrown at [D:\j\worksp~1\openjd~3\jdk8u\hotspot\src\share\vm\interpreter\linkResolver.cpp, line 620]
Event: 2.265 Thread 0x0000000018b3d000 Exception <a 'java/lang/NoSuchMethodError': java.lang.Object.lambda$comparingInt$7b0bb60$1(Ljava/util/function/ToIntFunction;Ljava/lang/Object;Ljava/lang/Object;)I> (0x00000000edbba410) thrown at [D:\j\worksp~1\openjd~3\jdk8u\hotspot\src\share\vm\interpre
Event: 2.265 Thread 0x0000000018b4f800 Exception <a 'java/lang/NoSuchMethodError': java.lang.Object.lambda$comparingInt$7b0bb60$1(Ljava/util/function/ToIntFunction;Ljava/lang/Object;Ljava/lang/Object;)I> (0x00000000ed8a36b8) thrown at [D:\j\worksp~1\openjd~3\jdk8u\hotspot\src\share\vm\interpre
Event: 2.265 Thread 0x0000000018b4e800 Exception <a 'java/lang/NoSuchMethodError': java.lang.Object.lambda$comparingInt$7b0bb60$1(Ljava/util/function/ToIntFunction;Ljava/lang/Object;Ljava/lang/Object;)I> (0x00000000edc30770) thrown at [D:\j\worksp~1\openjd~3\jdk8u\hotspot\src\share\vm\interpre
Event: 2.265 Thread 0x000000001900a800 Exception <a 'java/lang/NoSuchMethodError': java.lang.Object.lambda$comparingInt$7b0bb60$1(Ljava/util/function/ToIntFunction;Ljava/lang/Object;Ljava/lang/Object;)I> (0x00000000edaddda8) thrown at [D:\j\worksp~1\openjd~3\jdk8u\hotspot\src\share\vm\interpre
Event: 2.267 Thread 0x000000001900a800 Exception <a 'java/lang/NoSuchMethodError': java.lang.Object.lambda$maxBy$1(Ljava/util/Comparator;Ljava/lang/Object;Ljava/lang/Object;)Ljava/lang/Object;> (0x00000000edae9b58) thrown at [D:\j\worksp~1\openjd~3\jdk8u\hotspot\src\share\vm\interpreter\linkRe

Events (10 events):
Event: 4.162 Thread 0x000000001900a800 DEOPT PACKING pc=0x0000000003d22df9 sp=0x000000001a55df80
Event: 4.162 Thread 0x000000001900a800 DEOPT UNPACKING pc=0x00000000031d75d0 sp=0x000000001a55ddb0 mode 0
Event: 4.181 Executing VM operation: RevokeBias
Event: 4.190 Executing VM operation: RevokeBias done
Event: 4.194 Executing VM operation: RevokeBias
Event: 4.195 Executing VM operation: RevokeBias done
Event: 4.208 Executing VM operation: RevokeBias
Event: 4.208 Executing VM operation: RevokeBias done
Event: 4.264 Thread 0x000000001900a800 DEOPT PACKING pc=0x0000000003cb89e2 sp=0x000000001a55df30
Event: 4.264 Thread 0x000000001900a800 DEOPT UNPACKING pc=0x00000000031d75d0 sp=0x000000001a55dd48 mode 0


Dynamic libraries:
0x00007ff605080000 - 0x00007ff6050b5000 	C:\Program Files\Android\Jdk\microsoft_dist_openjdk_1.8.0.25\bin\java.exe
0x00007ffc0d620000 - 0x00007ffc0d827000 	C:\WINDOWS\SYSTEM32\ntdll.dll
0x00007ffc0bb90000 - 0x00007ffc0bc4d000 	C:\WINDOWS\System32\KERNEL32.DLL
0x00007ffc0b0b0000 - 0x00007ffc0b424000 	C:\WINDOWS\System32\KERNELBASE.dll
0x00007ffc0b7d0000 - 0x00007ffc0b87c000 	C:\WINDOWS\System32\ADVAPI32.dll
0x00007ffc0bc50000 - 0x00007ffc0bcf3000 	C:\WINDOWS\System32\msvcrt.dll
0x00007ffc0bd20000 - 0x00007ffc0bdbd000 	C:\WINDOWS\System32\sechost.dll
0x00007ffc0b4b0000 - 0x00007ffc0b5d1000 	C:\WINDOWS\System32\RPCRT4.dll
0x00007ffc0b970000 - 0x00007ffc0bb1c000 	C:\WINDOWS\System32\USER32.dll
0x00007ffc0ae00000 - 0x00007ffc0ae26000 	C:\WINDOWS\System32\win32u.dll
0x00007ffc0c870000 - 0x00007ffc0c899000 	C:\WINDOWS\System32\GDI32.dll
0x00007ffc0ab70000 - 0x00007ffc0ac82000 	C:\WINDOWS\System32\gdi32full.dll
0x00007ffc0aef0000 - 0x00007ffc0af8d000 	C:\WINDOWS\System32\msvcp_win.dll
0x00007ffc0af90000 - 0x00007ffc0b0a1000 	C:\WINDOWS\System32\ucrtbase.dll
0x00007ffbf3f80000 - 0x00007ffbf4225000 	C:\WINDOWS\WinSxS\amd64_microsoft.windows.common-controls_6595b64144ccf1df_6.0.22000.120_none_9d947278b86cc467\COMCTL32.dll
0x00007ffc0c360000 - 0x00007ffc0c391000 	C:\WINDOWS\System32\IMM32.DLL
0x0000000068b10000 - 0x0000000068be1000 	C:\Program Files\Android\Jdk\microsoft_dist_openjdk_1.8.0.25\jre\bin\msvcr100.dll
0x00000000682c0000 - 0x0000000068b05000 	C:\Program Files\Android\Jdk\microsoft_dist_openjdk_1.8.0.25\jre\bin\server\jvm.dll
0x00007ffc0bb20000 - 0x00007ffc0bb28000 	C:\WINDOWS\System32\PSAPI.DLL
0x00007ffc04100000 - 0x00007ffc04133000 	C:\WINDOWS\SYSTEM32\WINMM.dll
0x00007ffbf4230000 - 0x00007ffbf4239000 	C:\WINDOWS\SYSTEM32\WSOCK32.dll
0x00007ffc0bdd0000 - 0x00007ffc0be3f000 	C:\WINDOWS\System32\WS2_32.dll
0x00007ffc03240000 - 0x00007ffc0324a000 	C:\WINDOWS\SYSTEM32\VERSION.dll
0x00007ffc048c0000 - 0x00007ffc048cf000 	C:\Program Files\Android\Jdk\microsoft_dist_openjdk_1.8.0.25\jre\bin\verify.dll
0x00007ffbf8280000 - 0x00007ffbf82a9000 	C:\Program Files\Android\Jdk\microsoft_dist_openjdk_1.8.0.25\jre\bin\java.dll
0x00007ffbf9b50000 - 0x00007ffbf9b66000 	C:\Program Files\Android\Jdk\microsoft_dist_openjdk_1.8.0.25\jre\bin\zip.dll
0x00007ffc0cdc0000 - 0x00007ffc0d569000 	C:\WINDOWS\System32\SHELL32.dll
0x00007ffc08c70000 - 0x00007ffc094d2000 	C:\WINDOWS\SYSTEM32\windows.storage.dll
0x00007ffc0ca40000 - 0x00007ffc0cdb8000 	C:\WINDOWS\System32\combase.dll
0x00007ffc08b00000 - 0x00007ffc08c66000 	C:\WINDOWS\SYSTEM32\wintypes.dll
0x00007ffc0b880000 - 0x00007ffc0b96a000 	C:\WINDOWS\System32\SHCORE.dll
0x00007ffc0d570000 - 0x00007ffc0d5cd000 	C:\WINDOWS\System32\shlwapi.dll
0x00007ffc0aa30000 - 0x00007ffc0aa51000 	C:\WINDOWS\SYSTEM32\profapi.dll
0x00007ffbf9af0000 - 0x00007ffbf9b0a000 	C:\Program Files\Android\jdk\microsoft_dist_openjdk_1.8.0.25\jre\bin\net.dll
0x00007ffc09ff0000 - 0x00007ffc0a057000 	C:\WINDOWS\system32\mswsock.dll
0x00007ffbf9600000 - 0x00007ffbf9611000 	C:\Program Files\Android\jdk\microsoft_dist_openjdk_1.8.0.25\jre\bin\nio.dll

VM Arguments:
jvm_args: -Xmx1G 
java_command: com.android.tools.r8.D8 --debug --min-api 27 --output obj\Debug\90\android\bin\ --lib C:\Program Files (x86)\Android\android-sdk\platforms\android-28\android.jar obj\Debug\90\android\bin\classes.zip C:\Program Files (x86)\Microsoft Visual Studio\2019\Community\Common7\IDE\ReferenceAssemblies\Microsoft\Framework\MonoAndroid\v9.0\mono.android.jar C:\Program Files (x86)\Microsoft Visual Studio\2019\Community\MSBuild\Xamarin\Android\java_runtime_fastdev.jar C:\Program Files (x86)\Microsoft\Xamarin\NuGet\xamarin.androidx.annotation\1.1.0.1\buildTransitive\monoandroid90\..\..\jar\androidx.annotation.annotation.jar C:\Program Files (x86)\Microsoft\Xamarin\NuGet\xamarin.androidx.collection\1.1.0.1\buildTransitive\monoandroid90\..\..\jar\androidx.collection.collection.jar C:\Program Files (x86)\Microsoft\Xamarin\NuGet\xamarin.androidx.lifecycle.common\2.1.0.1\buildTransitive\monoandroid90\..\..\jar\androidx.lifecycle.lifecycle-common.jar C:\Program Files (x86)\Microsoft\Xamarin\NuGet\xamarin.androidx.arch.core.common\2.1.0.1\buildTransitive\monoandroid90\..\..\jar\androidx.arch.core.core-common.jar obj\Debug\90\lp\0\jl\cw-deviceapi20190815.jar obj\Debug\90\lp\0\jl\IGLBarDecoder.jar obj\Debug\90\lp\1\jl\jars\classes.jar obj\Debug\90\lp\2\jl\bin\classes.jar obj\Debug\90\lp\4\jl\bin\classes.jar obj\Debug\90\lp\5\jl\bin\classes.jar obj\Debug\90\lp\53\jl\bin\classes.jar obj\Debug\90\lp\54\jl\classes.jar obj\Debug\90\lp\55\jl\classes.jar obj\Debug\90\lp\56\jl\classes.jar obj\Debug\90\lp\57\jl\classes.jar obj\Debug\90\lp\58\jl\classes.jar obj\Debug\90\lp\59\jl\classes.jar obj\Debug\90\lp\60\jl\classes.jar obj\Debug\90\lp\61\jl\classes.jar obj\Debug\90\lp\62\jl\classes.jar obj\Debug\90\lp\63\jl\classes.jar obj\Debug\90\lp\64\jl\classes.jar obj\Debug\90\lp\65\jl\classes.jar obj\Debug\90\lp\66\jl\classes.jar obj\Debug\90\lp\67\jl\classes.jar obj\Debug\90\lp\68\jl\classes.jar obj\Debug\90\lp\69\jl\classes.jar obj\Debug\90\lp\7\jl\bin\classes.jar obj\Debug\90\lp\70\jl\cl
java_class_path (initial): C:\Program Files (x86)\Microsoft Visual Studio\2019\Community\MSBuild\Xamarin\Android\r8.jar
Launcher Type: SUN_STANDARD

Environment Variables:
PATH=C:\Program Files\Android\Jdk\microsoft_dist_openjdk_1.8.0.25\bin;C:\Program Files (x86)\VMware\VMware Workstation\bin\;C:\WINDOWS\system32;C:\WINDOWS;C:\WINDOWS\System32\Wbem;C:\WINDOWS\System32\WindowsPowerShell\v1.0\;C:\WINDOWS\System32\OpenSSH\;C:\Program Files\dotnet\;C:\Program Files\Microsoft SQL Server\130\Tools\Binn\;C:\Program Files\Microsoft SQL Server\Client SDK\ODBC\170\Tools\Binn\;C:\Program Files\Git\cmd;C:\Program Files (x86)\Microsoft SQL Server\150\DTS\Binn\;C:\Program Files\Azure Data Studio\bin;C:\xampp\php;C:\ProgramData\ComposerSetup\bin;C:\Program Files (x86)\dotnet\;c:\Program Files (x86)\Microsoft SQL Server\90\Tools\binn\;C:\Program Files\nodejs\;C:\Program Files (x86)\Microsoft SQL Server\150\Tools\Binn\;C:\Program Files\Microsoft SQL Server\150\Tools\Binn\;C:\Program Files\Microsoft SQL Server\150\DTS\Binn\;C:\msys64\mingw64\bin;C:\Program Files (x86)\Calibre2\;C:\Users\Janko\AppData\Local\Programs\Python\Python39\Scripts\;C:\Users\Janko\AppData\Local\Programs\Python\Python39\;C:\Users\Janko\AppData\Local\Microsoft\WindowsApps;;C:\Users\Janko\AppData\Local\Programs\Microsoft VS Code\bin;C:\Users\Janko\.dotnet\tools;C:\Program Files\Azure Data Studio\bin;C:\Users\Janko\AppData\Roaming\Composer\vendor\bin;C:\Program Files\JetBrains\IntelliJ IDEA Community Edition 2021.2\bin;;C:\Users\Janko\AppData\Roaming\npm
USERNAME=Janko
OS=Windows_NT
PROCESSOR_IDENTIFIER=Intel64 Family 6 Model 126 Stepping 5, GenuineIntel



---------------  S Y S T E M  ---------------

OS: Windows 10.0 , 64 bit Build 22000 (10.0.22000.120)

CPU:total 8 (initial active 8) (4 cores per cpu, 2 threads per core) family 6 model 126 stepping 5, cmov, cx8, fxsr, mmx, sse, sse2, sse3, ssse3, sse4.1, sse4.2, popcnt, avx, avx2, aes, clmul, erms, 3dnowpref, lzcnt, ht, tsc, tscinvbit, bmi1, bmi2, adx

Memory: 4k page, physical 8124672k(558464k free), swap 33290496k(6008k free)

vm_info: OpenJDK 64-Bit Server VM (25.71-b00) for windows-amd64 JRE (1.8.0-25-microsoft-b00), built on Feb  7 2019 20:09:14 by "builder" with MS VC++ 10.0 (VS2010)

time: Wed Nov 03 12:45:48 2021
timezone: Central Europe Standard Time
elapsed time: 4 seconds (0d 0h 0m 4s)

