#
# There is insufficient memory for the Java Runtime Environment to continue.
# Native memory allocation (malloc) failed to allocate 1382256 bytes for Chunk::new
# Possible reasons:
#   The system is out of physical RAM or swap space
#   The process is running with CompressedOops enabled, and the Java Heap may be blocking the growth of the native heap
# Possible solutions:
#   Reduce memory load on the system
#   Increase physical memory or swap space
#   Check if swap backing store is full
#   Decrease Java heap size (-Xmx/-Xms)
#   Decrease number of Java threads
#   Decrease Java thread stack sizes (-Xss)
#   Set larger code cache with -XX:ReservedCodeCacheSize=
#   JVM is running with Unscaled Compressed Oops mode in which the Java heap is
#     placed in the first 4GB address space. The Java Heap base address is the
#     maximum limit for the native heap growth. Please use -XX:HeapBaseMinAddress
#     to set the Java Heap base and to place the Java Heap above 4GB virtual address.
# This output file may be truncated or incomplete.
#
#  Out of Memory Error (allocation.cpp:389), pid=24736, tid=0x0000000000005bec
#
# JRE version: OpenJDK Runtime Environment (8.0) (build 1.8.0-25-microsoft-b00)
# Java VM: OpenJDK 64-Bit Server VM (25.71-b00 mixed mode windows-amd64 compressed oops)
# Failed to write core dump. Minidumps are not enabled by default on client versions of Windows
#

---------------  T H R E A D  ---------------

Current thread (0x0000000017549000):  JavaThread "C2 CompilerThread1" daemon [_thread_in_native, id=23532, stack(0x0000000017f20000,0x0000000018020000)]

Stack: [0x0000000017f20000,0x0000000018020000]
[error occurred during error reporting (printing stack bounds), id 0xc0000005]

Native frames: (J=compiled Java code, j=interpreted, Vv=VM code, C=native code)


Current CompileTask:
C2:   7232 5023 %     4       com.android.tools.r8.ir.conversion.N::a @ 102 (3065 bytes)


---------------  P R O C E S S  ---------------

Java Threads: ( => current thread )
  0x0000000018bdc000 JavaThread "ForkJoinPool-1-worker-0" daemon [_thread_in_Java, id=18780, stack(0x0000000018f20000,0x0000000019020000)]
  0x0000000018bdb000 JavaThread "ForkJoinPool-1-worker-3" daemon [_thread_in_Java, id=13156, stack(0x0000000018e20000,0x0000000018f20000)]
  0x00000000185d0800 JavaThread "ForkJoinPool-1-worker-2" daemon [_thread_in_Java, id=25052, stack(0x0000000018d20000,0x0000000018e20000)]
  0x00000000185e7000 JavaThread "ForkJoinPool-1-worker-1" daemon [_thread_in_Java, id=7456, stack(0x0000000018c20000,0x0000000018d20000)]
  0x00000000175ec800 JavaThread "Service Thread" daemon [_thread_blocked, id=6408, stack(0x0000000018220000,0x0000000018320000)]
  0x0000000017551000 JavaThread "C1 CompilerThread3" daemon [_thread_blocked, id=2512, stack(0x0000000018120000,0x0000000018220000)]
  0x000000001755f000 JavaThread "C2 CompilerThread2" daemon [_thread_in_native, id=20632, stack(0x0000000018020000,0x0000000018120000)]
=>0x0000000017549000 JavaThread "C2 CompilerThread1" daemon [_thread_in_native, id=23532, stack(0x0000000017f20000,0x0000000018020000)]
  0x0000000017547000 JavaThread "C2 CompilerThread0" daemon [_thread_in_native, id=27244, stack(0x0000000017e20000,0x0000000017f20000)]
  0x0000000017546000 JavaThread "Attach Listener" daemon [_thread_blocked, id=20752, stack(0x0000000017d20000,0x0000000017e20000)]
  0x0000000017556000 JavaThread "Signal Dispatcher" daemon [_thread_blocked, id=17080, stack(0x0000000017c20000,0x0000000017d20000)]
  0x0000000017540800 JavaThread "Finalizer" daemon [_thread_blocked, id=13324, stack(0x0000000017a20000,0x0000000017b20000)]
  0x00000000156fc800 JavaThread "Reference Handler" daemon [_thread_blocked, id=25576, stack(0x0000000017920000,0x0000000017a20000)]
  0x0000000002ae3800 JavaThread "main" [_thread_blocked, id=20976, stack(0x00000000029e0000,0x0000000002ae0000)]

Other Threads:
  0x00000000156f8000 VMThread [stack: 0x0000000017420000,0x0000000017520000] [id=22232]
  0x00000000175ed800 WatcherThread [stack: 0x0000000018320000,0x0000000018420000] [id=184]

VM state:not at safepoint (normal execution)

VM Mutex/Monitor currently owned by a thread: None

heap address: 0x00000000c0000000, size: 1024 MB, Compressed Oops mode: 32-bit
Narrow klass base: 0x0000000000000000, Narrow klass shift: 3
Compressed class space size: 1073741824 Address: 0x0000000100000000

Heap:
 PSYoungGen      total 149504K, used 123005K [0x00000000eab00000, 0x00000000f5300000, 0x0000000100000000)
  eden space 126976K, 89% used [0x00000000eab00000,0x00000000f1a3b480,0x00000000f2700000)
  from space 22528K, 40% used [0x00000000f2700000,0x00000000f2fe4010,0x00000000f3d00000)
  to   space 20992K, 0% used [0x00000000f3e80000,0x00000000f3e80000,0x00000000f5300000)
 ParOldGen       total 120832K, used 57619K [0x00000000c0000000, 0x00000000c7600000, 0x00000000eab00000)
  object space 120832K, 47% used [0x00000000c0000000,0x00000000c3844d28,0x00000000c7600000)
 Metaspace       used 16789K, capacity 17686K, committed 18304K, reserved 1064960K
  class space    used 2013K, capacity 2223K, committed 2432K, reserved 1048576K

Card table byte_map: [0x0000000011fa0000,0x00000000121b0000] byte_map_base: 0x00000000119a0000

Marking Bits: (ParMarkBitMap*) 0x0000000068a88f30
 Begin Bits: [0x0000000012b10000, 0x0000000013b10000)
 End Bits:   [0x0000000013b10000, 0x0000000014b10000)

Polling page: 0x0000000001100000

CodeCache: size=245760Kb used=15709Kb max_used=16222Kb free=230050Kb
 bounds [0x0000000002be0000, 0x0000000003c30000, 0x0000000011be0000]
 total_blobs=4755 nmethods=4398 adapters=266
 compilation: enabled

Compilation events (10 events):
Event: 7.094 Thread 0x0000000017551000 5287       2       com.android.tools.r8.t.a.a.a.h.f0$e::iterator (12 bytes)
Event: 7.095 Thread 0x0000000017551000 nmethod 5287 0x0000000002e6bd50 code [0x0000000002e6bec0, 0x0000000002e6c0a8]
Event: 7.110 Thread 0x0000000017551000 5288       2       com.android.tools.r8.p.n.f::a (49 bytes)
Event: 7.111 Thread 0x0000000017551000 nmethod 5288 0x0000000002dd1690 code [0x0000000002dd18c0, 0x0000000002dd2238]
Event: 7.111 Thread 0x0000000017551000 5289       2       com.android.tools.r8.ir.conversion.N::a (84 bytes)
Event: 7.112 Thread 0x0000000017551000 nmethod 5289 0x0000000002f0e750 code [0x0000000002f0e900, 0x0000000002f0ec48]
Event: 7.113 Thread 0x0000000017551000 5290       2       com.android.tools.r8.s.b.w::a (360 bytes)
Event: 7.115 Thread 0x0000000017551000 nmethod 5290 0x00000000032b9210 code [0x00000000032b9480, 0x00000000032b9e68]
Event: 7.176 Thread 0x0000000017551000 5292 % !   3       java.util.Map::forEach @ 17 (81 bytes)
Event: 7.176 Thread 0x0000000017551000 nmethod 5292% 0x0000000002e726d0 code [0x0000000002e72900, 0x0000000002e733e8]

GC Heap History (10 events):
Event: 5.168 GC heap before
{Heap before GC invocations=14 (full 1):
 PSYoungGen      total 147968K, used 129408K [0x00000000eab00000, 0x00000000f5300000, 0x0000000100000000)
  eden space 126976K, 100% used [0x00000000eab00000,0x00000000f2700000,0x00000000f2700000)
  from space 20992K, 11% used [0x00000000f3e80000,0x00000000f40e0000,0x00000000f5300000)
  to   space 22528K, 0% used [0x00000000f2700000,0x00000000f2700000,0x00000000f3d00000)
 ParOldGen       total 120832K, used 57603K [0x00000000c0000000, 0x00000000c7600000, 0x00000000eab00000)
  object space 120832K, 47% used [0x00000000c0000000,0x00000000c3840d28,0x00000000c7600000)
 Metaspace       used 16708K, capacity 17600K, committed 18304K, reserved 1064960K
  class space    used 2008K, capacity 2220K, committed 2432K, reserved 1048576K
Event: 5.174 GC heap after
Heap after GC invocations=14 (full 1):
 PSYoungGen      total 149504K, used 4018K [0x00000000eab00000, 0x00000000f5300000, 0x0000000100000000)
  eden space 126976K, 0% used [0x00000000eab00000,0x00000000eab00000,0x00000000f2700000)
  from space 22528K, 17% used [0x00000000f2700000,0x00000000f2aeca68,0x00000000f3d00000)
  to   space 20992K, 0% used [0x00000000f3e80000,0x00000000f3e80000,0x00000000f5300000)
 ParOldGen       total 120832K, used 57611K [0x00000000c0000000, 0x00000000c7600000, 0x00000000eab00000)
  object space 120832K, 47% used [0x00000000c0000000,0x00000000c3842d28,0x00000000c7600000)
 Metaspace       used 16708K, capacity 17600K, committed 18304K, reserved 1064960K
  class space    used 2008K, capacity 2220K, committed 2432K, reserved 1048576K
}
Event: 5.510 GC heap before
{Heap before GC invocations=15 (full 1):
 PSYoungGen      total 149504K, used 130994K [0x00000000eab00000, 0x00000000f5300000, 0x0000000100000000)
  eden space 126976K, 100% used [0x00000000eab00000,0x00000000f2700000,0x00000000f2700000)
  from space 22528K, 17% used [0x00000000f2700000,0x00000000f2aeca68,0x00000000f3d00000)
  to   space 20992K, 0% used [0x00000000f3e80000,0x00000000f3e80000,0x00000000f5300000)
 ParOldGen       total 120832K, used 57611K [0x00000000c0000000, 0x00000000c7600000, 0x00000000eab00000)
  object space 120832K, 47% used [0x00000000c0000000,0x00000000c3842d28,0x00000000c7600000)
 Metaspace       used 16748K, capacity 17678K, committed 18304K, reserved 1064960K
  class space    used 2013K, capacity 2223K, committed 2432K, reserved 1048576K
Event: 5.519 GC heap after
Heap after GC invocations=15 (full 1):
 PSYoungGen      total 147968K, used 4800K [0x00000000eab00000, 0x00000000f5300000, 0x0000000100000000)
  eden space 126976K, 0% used [0x00000000eab00000,0x00000000eab00000,0x00000000f2700000)
  from space 20992K, 22% used [0x00000000f3e80000,0x00000000f4330000,0x00000000f5300000)
  to   space 22528K, 0% used [0x00000000f2700000,0x00000000f2700000,0x00000000f3d00000)
 ParOldGen       total 120832K, used 57611K [0x00000000c0000000, 0x00000000c7600000, 0x00000000eab00000)
  object space 120832K, 47% used [0x00000000c0000000,0x00000000c3842d28,0x00000000c7600000)
 Metaspace       used 16748K, capacity 17678K, committed 18304K, reserved 1064960K
  class space    used 2013K, capacity 2223K, committed 2432K, reserved 1048576K
}
Event: 5.865 GC heap before
{Heap before GC invocations=16 (full 1):
 PSYoungGen      total 147968K, used 131776K [0x00000000eab00000, 0x00000000f5300000, 0x0000000100000000)
  eden space 126976K, 100% used [0x00000000eab00000,0x00000000f2700000,0x00000000f2700000)
  from space 20992K, 22% used [0x00000000f3e80000,0x00000000f4330000,0x00000000f5300000)
  to   space 22528K, 0% used [0x00000000f2700000,0x00000000f2700000,0x00000000f3d00000)
 ParOldGen       total 120832K, used 57611K [0x00000000c0000000, 0x00000000c7600000, 0x00000000eab00000)
  object space 120832K, 47% used [0x00000000c0000000,0x00000000c3842d28,0x00000000c7600000)
 Metaspace       used 16751K, capacity 17678K, committed 18304K, reserved 1064960K
  class space    used 2013K, capacity 2223K, committed 2432K, reserved 1048576K
Event: 5.871 GC heap after
Heap after GC invocations=16 (full 1):
 PSYoungGen      total 149504K, used 6080K [0x00000000eab00000, 0x00000000f5300000, 0x0000000100000000)
  eden space 126976K, 0% used [0x00000000eab00000,0x00000000eab00000,0x00000000f2700000)
  from space 22528K, 26% used [0x00000000f2700000,0x00000000f2cf0000,0x00000000f3d00000)
  to   space 20992K, 0% used [0x00000000f3e80000,0x00000000f3e80000,0x00000000f5300000)
 ParOldGen       total 120832K, used 57619K [0x00000000c0000000, 0x00000000c7600000, 0x00000000eab00000)
  object space 120832K, 47% used [0x00000000c0000000,0x00000000c3844d28,0x00000000c7600000)
 Metaspace       used 16751K, capacity 17678K, committed 18304K, reserved 1064960K
  class space    used 2013K, capacity 2223K, committed 2432K, reserved 1048576K
}
Event: 6.318 GC heap before
{Heap before GC invocations=17 (full 1):
 PSYoungGen      total 149504K, used 133056K [0x00000000eab00000, 0x00000000f5300000, 0x0000000100000000)
  eden space 126976K, 100% used [0x00000000eab00000,0x00000000f2700000,0x00000000f2700000)
  from space 22528K, 26% used [0x00000000f2700000,0x00000000f2cf0000,0x00000000f3d00000)
  to   space 20992K, 0% used [0x00000000f3e80000,0x00000000f3e80000,0x00000000f5300000)
 ParOldGen       total 120832K, used 57619K [0x00000000c0000000, 0x00000000c7600000, 0x00000000eab00000)
  object space 120832K, 47% used [0x00000000c0000000,0x00000000c3844d28,0x00000000c7600000)
 Metaspace       used 16763K, capacity 17678K, committed 18304K, reserved 1064960K
  class space    used 2013K, capacity 2223K, committed 2432K, reserved 1048576K
Event: 6.332 GC heap after
Heap after GC invocations=17 (full 1):
 PSYoungGen      total 147968K, used 7488K [0x00000000eab00000, 0x00000000f5300000, 0x0000000100000000)
  eden space 126976K, 0% used [0x00000000eab00000,0x00000000eab00000,0x00000000f2700000)
  from space 20992K, 35% used [0x00000000f3e80000,0x00000000f45d0000,0x00000000f5300000)
  to   space 22528K, 0% used [0x00000000f2700000,0x00000000f2700000,0x00000000f3d00000)
 ParOldGen       total 120832K, used 57619K [0x00000000c0000000, 0x00000000c7600000, 0x00000000eab00000)
  object space 120832K, 47% used [0x00000000c0000000,0x00000000c3844d28,0x00000000c7600000)
 Metaspace       used 16763K, capacity 17678K, committed 18304K, reserved 1064960K
  class space    used 2013K, capacity 2223K, committed 2432K, reserved 1048576K
}
Event: 6.926 GC heap before
{Heap before GC invocations=18 (full 1):
 PSYoungGen      total 147968K, used 134464K [0x00000000eab00000, 0x00000000f5300000, 0x0000000100000000)
  eden space 126976K, 100% used [0x00000000eab00000,0x00000000f2700000,0x00000000f2700000)
  from space 20992K, 35% used [0x00000000f3e80000,0x00000000f45d0000,0x00000000f5300000)
  to   space 22528K, 0% used [0x00000000f2700000,0x00000000f2700000,0x00000000f3d00000)
 ParOldGen       total 120832K, used 57619K [0x00000000c0000000, 0x00000000c7600000, 0x00000000eab00000)
  object space 120832K, 47% used [0x00000000c0000000,0x00000000c3844d28,0x00000000c7600000)
 Metaspace       used 16777K, capacity 17686K, committed 18304K, reserved 1064960K
  class space    used 2013K, capacity 2223K, committed 2432K, reserved 1048576K
Event: 6.942 GC heap after
Heap after GC invocations=18 (full 1):
 PSYoungGen      total 149504K, used 9104K [0x00000000eab00000, 0x00000000f5300000, 0x0000000100000000)
  eden space 126976K, 0% used [0x00000000eab00000,0x00000000eab00000,0x00000000f2700000)
  from space 22528K, 40% used [0x00000000f2700000,0x00000000f2fe4010,0x00000000f3d00000)
  to   space 20992K, 0% used [0x00000000f3e80000,0x00000000f3e80000,0x00000000f5300000)
 ParOldGen       total 120832K, used 57619K [0x00000000c0000000, 0x00000000c7600000, 0x00000000eab00000)
  object space 120832K, 47% used [0x00000000c0000000,0x00000000c3844d28,0x00000000c7600000)
 Metaspace       used 16777K, capacity 17686K, committed 18304K, reserved 1064960K
  class space    used 2013K, capacity 2223K, committed 2432K, reserved 1048576K
}

Deoptimization events (10 events):
Event: 5.101 Thread 0x00000000185e7000 Uncommon trap: reason=class_check action=maybe_recompile pc=0x0000000003912c9c method=com.android.tools.r8.t.a.a.a.f.e.putAll(Ljava/util/Map;)V @ 3
Event: 5.119 Thread 0x00000000185e7000 Uncommon trap: reason=class_check action=maybe_recompile pc=0x0000000003912c9c method=com.android.tools.r8.t.a.a.a.f.e.putAll(Ljava/util/Map;)V @ 3
Event: 5.136 Thread 0x00000000185e7000 Uncommon trap: reason=class_check action=maybe_recompile pc=0x0000000003912c9c method=com.android.tools.r8.t.a.a.a.f.e.putAll(Ljava/util/Map;)V @ 3
Event: 5.187 Thread 0x00000000185e7000 Uncommon trap: reason=class_check action=maybe_recompile pc=0x0000000003912c9c method=com.android.tools.r8.t.a.a.a.f.e.putAll(Ljava/util/Map;)V @ 3
Event: 5.234 Thread 0x0000000018bdc000 Uncommon trap: reason=class_check action=maybe_recompile pc=0x0000000003b83790 method=com.android.tools.r8.t.a.a.a.f.U.equals(Ljava/lang/Object;)Z @ 1
Event: 5.234 Thread 0x0000000018bdc000 Uncommon trap: reason=class_check action=maybe_recompile pc=0x0000000003b82640 method=com.android.tools.r8.ir.conversion.o.a(Lcom/android/tools/r8/ir/conversion/N;IZ)V @ 524
Event: 5.234 Thread 0x0000000018bdc000 Uncommon trap: reason=class_check action=maybe_recompile pc=0x0000000003b83790 method=com.android.tools.r8.t.a.a.a.f.U.equals(Ljava/lang/Object;)Z @ 1
Event: 5.234 Thread 0x0000000018bdc000 Uncommon trap: reason=class_check action=maybe_recompile pc=0x0000000003b83790 method=com.android.tools.r8.t.a.a.a.f.U.equals(Ljava/lang/Object;)Z @ 1
Event: 5.234 Thread 0x0000000018bdc000 Uncommon trap: reason=class_check action=maybe_recompile pc=0x0000000003b83790 method=com.android.tools.r8.t.a.a.a.f.U.equals(Ljava/lang/Object;)Z @ 1
Event: 6.568 Thread 0x0000000018bdb000 Uncommon trap: reason=unstable_if action=reinterpret pc=0x000000000335757c method=java.util.HashMap.getNode(ILjava/lang/Object;)Ljava/util/HashMap$Node; @ 84

Classes redefined (0 events):
No events

Internal exceptions (10 events):
Event: 1.034 Thread 0x0000000018bdc000 Implicit null exception at 0x0000000002f8719a to 0x0000000002f873b1
Event: 1.081 Thread 0x0000000018bdc000 Implicit null exception at 0x0000000002f8ae3c to 0x0000000002f8b4a1
Event: 1.444 Thread 0x0000000002ae3800 Exception <a 'java/lang/IncompatibleClassChangeError': Found class java.lang.Object, but interface was expected> (0x00000000ede19430) thrown at [D:\j\worksp~1\openjd~3\jdk8u\hotspot\src\share\vm\interpreter\linkResolver.cpp, line 653]
Event: 2.003 Thread 0x0000000018bdb000 Implicit null exception at 0x0000000003083eb0 to 0x0000000003083f91
Event: 2.003 Thread 0x00000000185e7000 Implicit null exception at 0x0000000003083eb0 to 0x0000000003083f91
Event: 2.084 Thread 0x00000000185e7000 Exception <a 'java/lang/NoSuchMethodError': java.lang.Object.b(Lcom/android/tools/r8/graph/p1$b;)Lcom/android/tools/r8/graph/p1$b;> (0x00000000ed89ac68) thrown at [D:\j\worksp~1\openjd~3\jdk8u\hotspot\src\share\vm\interpreter\linkResolver.cpp, line 620]
Event: 2.124 Thread 0x00000000185d0800 Exception <a 'java/lang/NoSuchMethodError': java.lang.Object.lambda$comparingInt$7b0bb60$1(Ljava/util/function/ToIntFunction;Ljava/lang/Object;Ljava/lang/Object;)I> (0x00000000edc48c88) thrown at [D:\j\worksp~1\openjd~3\jdk8u\hotspot\src\share\vm\interpre
Event: 2.124 Thread 0x00000000185e7000 Exception <a 'java/lang/NoSuchMethodError': java.lang.Object.lambda$comparingInt$7b0bb60$1(Ljava/util/function/ToIntFunction;Ljava/lang/Object;Ljava/lang/Object;)I> (0x00000000edc05098) thrown at [D:\j\worksp~1\openjd~3\jdk8u\hotspot\src\share\vm\interpre
Event: 2.128 Thread 0x00000000185d0800 Exception <a 'java/lang/NoSuchMethodError': java.lang.Object.lambda$maxBy$1(Ljava/util/Comparator;Ljava/lang/Object;Ljava/lang/Object;)Ljava/lang/Object;> (0x00000000edc54e98) thrown at [D:\j\worksp~1\openjd~3\jdk8u\hotspot\src\share\vm\interpreter\linkRe
Event: 2.248 Thread 0x00000000185d0800 Implicit null exception at 0x000000000323342c to 0x000000000323b59d

Events (10 events):
Event: 7.028 Thread 0x00000000185e7000 DEOPT PACKING pc=0x000000000342bb20 sp=0x0000000018d1e060
Event: 7.028 Thread 0x00000000185e7000 DEOPT UNPACKING pc=0x0000000002c275d0 sp=0x0000000018d1deb8 mode 0
Event: 7.049 Thread 0x0000000018bdc000 DEOPT PACKING pc=0x00000000036d368d sp=0x000000001901dd80
Event: 7.049 Thread 0x0000000018bdc000 DEOPT UNPACKING pc=0x0000000002c275d0 sp=0x000000001901def0 mode 0
Event: 7.094 Thread 0x00000000185e7000 DEOPT PACKING pc=0x000000000342bb20 sp=0x0000000018d1e060
Event: 7.094 Thread 0x00000000185e7000 DEOPT UNPACKING pc=0x0000000002c275d0 sp=0x0000000018d1deb8 mode 0
Event: 7.167 Thread 0x00000000185e7000 DEOPT PACKING pc=0x000000000342bb20 sp=0x0000000018d1e060
Event: 7.167 Thread 0x00000000185e7000 DEOPT UNPACKING pc=0x0000000002c275d0 sp=0x0000000018d1deb8 mode 0
Event: 7.168 Thread 0x00000000185e7000 DEOPT PACKING pc=0x0000000003123112 sp=0x0000000018d1dd00
Event: 7.168 Thread 0x00000000185e7000 DEOPT UNPACKING pc=0x0000000002c275d0 sp=0x0000000018d1dce8 mode 0


Dynamic libraries:
0x00007ff605080000 - 0x00007ff6050b5000 	C:\Program Files\Android\Jdk\microsoft_dist_openjdk_1.8.0.25\bin\java.exe
0x00007ffc0d620000 - 0x00007ffc0d827000 	C:\WINDOWS\SYSTEM32\ntdll.dll
0x00007ffc0bb90000 - 0x00007ffc0bc4d000 	C:\WINDOWS\System32\KERNEL32.DLL
0x00007ffc0b0b0000 - 0x00007ffc0b424000 	C:\WINDOWS\System32\KERNELBASE.dll
0x00007ffc0b7d0000 - 0x00007ffc0b87c000 	C:\WINDOWS\System32\ADVAPI32.dll
0x00007ffc0bc50000 - 0x00007ffc0bcf3000 	C:\WINDOWS\System32\msvcrt.dll
0x00007ffc0bd20000 - 0x00007ffc0bdbd000 	C:\WINDOWS\System32\sechost.dll
0x00007ffc0b4b0000 - 0x00007ffc0b5d1000 	C:\WINDOWS\System32\RPCRT4.dll
0x00007ffc0b970000 - 0x00007ffc0bb1c000 	C:\WINDOWS\System32\USER32.dll
0x00007ffc0ae00000 - 0x00007ffc0ae26000 	C:\WINDOWS\System32\win32u.dll
0x00007ffc0c870000 - 0x00007ffc0c899000 	C:\WINDOWS\System32\GDI32.dll
0x00007ffc0ab70000 - 0x00007ffc0ac82000 	C:\WINDOWS\System32\gdi32full.dll
0x00007ffc0aef0000 - 0x00007ffc0af8d000 	C:\WINDOWS\System32\msvcp_win.dll
0x00007ffc0af90000 - 0x00007ffc0b0a1000 	C:\WINDOWS\System32\ucrtbase.dll
0x00007ffbf3f80000 - 0x00007ffbf4225000 	C:\WINDOWS\WinSxS\amd64_microsoft.windows.common-controls_6595b64144ccf1df_6.0.22000.120_none_9d947278b86cc467\COMCTL32.dll
0x00007ffc0c360000 - 0x00007ffc0c391000 	C:\WINDOWS\System32\IMM32.DLL
0x0000000068b10000 - 0x0000000068be1000 	C:\Program Files\Android\Jdk\microsoft_dist_openjdk_1.8.0.25\jre\bin\msvcr100.dll
0x00000000682c0000 - 0x0000000068b05000 	C:\Program Files\Android\Jdk\microsoft_dist_openjdk_1.8.0.25\jre\bin\server\jvm.dll
0x00007ffc0bb20000 - 0x00007ffc0bb28000 	C:\WINDOWS\System32\PSAPI.DLL
0x00007ffc03240000 - 0x00007ffc0324a000 	C:\WINDOWS\SYSTEM32\VERSION.dll
0x00007ffc04100000 - 0x00007ffc04133000 	C:\WINDOWS\SYSTEM32\WINMM.dll
0x00007ffbf4230000 - 0x00007ffbf4239000 	C:\WINDOWS\SYSTEM32\WSOCK32.dll
0x00007ffc0bdd0000 - 0x00007ffc0be3f000 	C:\WINDOWS\System32\WS2_32.dll
0x00007ffc048c0000 - 0x00007ffc048cf000 	C:\Program Files\Android\Jdk\microsoft_dist_openjdk_1.8.0.25\jre\bin\verify.dll
0x00007ffbf8280000 - 0x00007ffbf82a9000 	C:\Program Files\Android\Jdk\microsoft_dist_openjdk_1.8.0.25\jre\bin\java.dll
0x00007ffbf9b50000 - 0x00007ffbf9b66000 	C:\Program Files\Android\Jdk\microsoft_dist_openjdk_1.8.0.25\jre\bin\zip.dll
0x00007ffc0cdc0000 - 0x00007ffc0d569000 	C:\WINDOWS\System32\SHELL32.dll
0x00007ffc08c70000 - 0x00007ffc094d2000 	C:\WINDOWS\SYSTEM32\windows.storage.dll
0x00007ffc0ca40000 - 0x00007ffc0cdb8000 	C:\WINDOWS\System32\combase.dll
0x00007ffc08b00000 - 0x00007ffc08c66000 	C:\WINDOWS\SYSTEM32\wintypes.dll
0x00007ffc0b880000 - 0x00007ffc0b96a000 	C:\WINDOWS\System32\SHCORE.dll
0x00007ffc0d570000 - 0x00007ffc0d5cd000 	C:\WINDOWS\System32\shlwapi.dll
0x00007ffc0aa30000 - 0x00007ffc0aa51000 	C:\WINDOWS\SYSTEM32\profapi.dll
0x00007ffbf9af0000 - 0x00007ffbf9b0a000 	C:\Program Files\Android\jdk\microsoft_dist_openjdk_1.8.0.25\jre\bin\net.dll
0x00007ffc09ff0000 - 0x00007ffc0a057000 	C:\WINDOWS\system32\mswsock.dll
0x00007ffbf9600000 - 0x00007ffbf9611000 	C:\Program Files\Android\jdk\microsoft_dist_openjdk_1.8.0.25\jre\bin\nio.dll

VM Arguments:
jvm_args: -Xmx1G 
java_command: com.android.tools.r8.D8 --debug --min-api 27 --output obj\Debug\90\android\bin\ --lib C:\Program Files (x86)\Android\android-sdk\platforms\android-28\android.jar obj\Debug\90\android\bin\classes.zip C:\Program Files (x86)\Microsoft Visual Studio\2019\Community\Common7\IDE\ReferenceAssemblies\Microsoft\Framework\MonoAndroid\v9.0\mono.android.jar C:\Program Files (x86)\Microsoft Visual Studio\2019\Community\MSBuild\Xamarin\Android\java_runtime_fastdev.jar C:\Program Files (x86)\Microsoft\Xamarin\NuGet\xamarin.androidx.annotation\1.1.0.1\buildTransitive\monoandroid90\..\..\jar\androidx.annotation.annotation.jar C:\Program Files (x86)\Microsoft\Xamarin\NuGet\xamarin.androidx.collection\1.1.0.1\buildTransitive\monoandroid90\..\..\jar\androidx.collection.collection.jar C:\Program Files (x86)\Microsoft\Xamarin\NuGet\xamarin.androidx.lifecycle.common\2.1.0.1\buildTransitive\monoandroid90\..\..\jar\androidx.lifecycle.lifecycle-common.jar C:\Program Files (x86)\Microsoft\Xamarin\NuGet\xamarin.androidx.arch.core.common\2.1.0.1\buildTransitive\monoandroid90\..\..\jar\androidx.arch.core.core-common.jar obj\Debug\90\lp\0\jl\cw-deviceapi20190815.jar obj\Debug\90\lp\0\jl\IGLBarDecoder.jar obj\Debug\90\lp\1\jl\jars\classes.jar obj\Debug\90\lp\2\jl\bin\classes.jar obj\Debug\90\lp\4\jl\bin\classes.jar obj\Debug\90\lp\5\jl\bin\classes.jar obj\Debug\90\lp\53\jl\bin\classes.jar obj\Debug\90\lp\54\jl\classes.jar obj\Debug\90\lp\55\jl\classes.jar obj\Debug\90\lp\56\jl\classes.jar obj\Debug\90\lp\57\jl\classes.jar obj\Debug\90\lp\58\jl\classes.jar obj\Debug\90\lp\59\jl\classes.jar obj\Debug\90\lp\60\jl\classes.jar obj\Debug\90\lp\61\jl\classes.jar obj\Debug\90\lp\62\jl\classes.jar obj\Debug\90\lp\63\jl\classes.jar obj\Debug\90\lp\64\jl\classes.jar obj\Debug\90\lp\65\jl\classes.jar obj\Debug\90\lp\66\jl\classes.jar obj\Debug\90\lp\67\jl\classes.jar obj\Debug\90\lp\68\jl\classes.jar obj\Debug\90\lp\69\jl\classes.jar obj\Debug\90\lp\7\jl\bin\classes.jar obj\Debug\90\lp\70\jl\cl
java_class_path (initial): C:\Program Files (x86)\Microsoft Visual Studio\2019\Community\MSBuild\Xamarin\Android\r8.jar
Launcher Type: SUN_STANDARD

Environment Variables:
PATH=C:\Program Files\Android\Jdk\microsoft_dist_openjdk_1.8.0.25\bin;C:\Program Files (x86)\VMware\VMware Workstation\bin\;C:\WINDOWS\system32;C:\WINDOWS;C:\WINDOWS\System32\Wbem;C:\WINDOWS\System32\WindowsPowerShell\v1.0\;C:\WINDOWS\System32\OpenSSH\;C:\Program Files\dotnet\;C:\Program Files\Microsoft SQL Server\130\Tools\Binn\;C:\Program Files\Microsoft SQL Server\Client SDK\ODBC\170\Tools\Binn\;C:\Program Files\Git\cmd;C:\Program Files (x86)\Microsoft SQL Server\150\DTS\Binn\;C:\Program Files\Azure Data Studio\bin;C:\xampp\php;C:\ProgramData\ComposerSetup\bin;C:\Program Files (x86)\dotnet\;c:\Program Files (x86)\Microsoft SQL Server\90\Tools\binn\;C:\Program Files\nodejs\;C:\Program Files (x86)\Microsoft SQL Server\150\Tools\Binn\;C:\Program Files\Microsoft SQL Server\150\Tools\Binn\;C:\Program Files\Microsoft SQL Server\150\DTS\Binn\;C:\msys64\mingw64\bin;C:\Program Files (x86)\Calibre2\;C:\Users\Janko\AppData\Local\Programs\Python\Python39\Scripts\;C:\Users\Janko\AppData\Local\Programs\Python\Python39\;C:\Users\Janko\AppData\Local\Microsoft\WindowsApps;;C:\Users\Janko\AppData\Local\Programs\Microsoft VS Code\bin;C:\Users\Janko\.dotnet\tools;C:\Program Files\Azure Data Studio\bin;C:\Users\Janko\AppData\Roaming\Composer\vendor\bin;C:\Program Files\JetBrains\IntelliJ IDEA Community Edition 2021.2\bin;;C:\Users\Janko\AppData\Roaming\npm
USERNAME=Janko
OS=Windows_NT
PROCESSOR_IDENTIFIER=Intel64 Family 6 Model 126 Stepping 5, GenuineIntel



---------------  S Y S T E M  ---------------

OS: Windows 10.0 , 64 bit Build 22000 (10.0.22000.120)

CPU:total 8 (initial active 8) (4 cores per cpu, 2 threads per core) family 6 model 126 stepping 5, cmov, cx8, fxsr, mmx, sse, sse2, sse3, ssse3, sse4.1, sse4.2, popcnt, avx, avx2, aes, clmul, erms, 3dnowpref, lzcnt, ht, tsc, tscinvbit, bmi1, bmi2, adx

Memory: 4k page, physical 8124672k(382480k free), swap 33290496k(9216k free)

vm_info: OpenJDK 64-Bit Server VM (25.71-b00) for windows-amd64 JRE (1.8.0-25-microsoft-b00), built on Feb  7 2019 20:09:14 by "builder" with MS VC++ 10.0 (VS2010)

time: Wed Nov 03 12:47:31 2021
timezone: Central Europe Standard Time
elapsed time: 7 seconds (0d 0h 0m 7s)

