#
# There is insufficient memory for the Java Runtime Environment to continue.
# Native memory allocation (malloc) failed to allocate 524304 bytes for Chunk::new
# Possible reasons:
#   The system is out of physical RAM or swap space
#   The process is running with CompressedOops enabled, and the Java Heap may be blocking the growth of the native heap
# Possible solutions:
#   Reduce memory load on the system
#   Increase physical memory or swap space
#   Check if swap backing store is full
#   Decrease Java heap size (-Xmx/-Xms)
#   Decrease number of Java threads
#   Decrease Java thread stack sizes (-Xss)
#   Set larger code cache with -XX:ReservedCodeCacheSize=
#   JVM is running with Unscaled Compressed Oops mode in which the Java heap is
#     placed in the first 4GB address space. The Java Heap base address is the
#     maximum limit for the native heap growth. Please use -XX:HeapBaseMinAddress
#     to set the Java Heap base and to place the Java Heap above 4GB virtual address.
# This output file may be truncated or incomplete.
#
#  Out of Memory Error (allocation.cpp:389), pid=7612, tid=0x0000000000001b50
#
# JRE version: OpenJDK Runtime Environment (8.0) (build 1.8.0-25-microsoft-b00)
# Java VM: OpenJDK 64-Bit Server VM (25.71-b00 mixed mode windows-amd64 compressed oops)
# Failed to write core dump. Minidumps are not enabled by default on client versions of Windows
#

---------------  T H R E A D  ---------------

Current thread (0x000000001717e000):  JavaThread "C2 CompilerThread2" daemon [_thread_in_native, id=6992, stack(0x0000000017c50000,0x0000000017d50000)]

Stack: [0x0000000017c50000,0x0000000017d50000]
[error occurred during error reporting (printing stack bounds), id 0xc0000005]

Native frames: (J=compiled Java code, j=interpreted, Vv=VM code, C=native code)


Current CompileTask:
C2:  13208 5018 %     4       com.android.tools.r8.ir.regalloc.a::b @ 598 (1365 bytes)


---------------  P R O C E S S  ---------------

Java Threads: ( => current thread )
  0x00000000185ec800 JavaThread "ForkJoinPool-1-worker-0" daemon [_thread_in_Java, id=7940, stack(0x0000000019b20000,0x0000000019c20000)]
  0x00000000184ba000 JavaThread "ForkJoinPool-1-worker-3" daemon [_thread_in_Java, id=6828, stack(0x0000000019a20000,0x0000000019b20000)]
  0x00000000185fd800 JavaThread "ForkJoinPool-1-worker-2" daemon [_thread_in_Java, id=16556, stack(0x0000000019920000,0x0000000019a20000)]
  0x00000000185fd000 JavaThread "ForkJoinPool-1-worker-1" daemon [_thread_in_Java, id=3596, stack(0x0000000019820000,0x0000000019920000)]
  0x00000000171fe800 JavaThread "Service Thread" daemon [_thread_blocked, id=17524, stack(0x0000000017e50000,0x0000000017f50000)]
  0x00000000171ce000 JavaThread "C1 CompilerThread3" daemon [_thread_blocked, id=12164, stack(0x0000000017d50000,0x0000000017e50000)]
=>0x000000001717e000 JavaThread "C2 CompilerThread2" daemon [_thread_in_native, id=6992, stack(0x0000000017c50000,0x0000000017d50000)]
  0x0000000017179800 JavaThread "C2 CompilerThread1" daemon [_thread_in_native, id=2944, stack(0x0000000017b50000,0x0000000017c50000)]
  0x0000000017186000 JavaThread "C2 CompilerThread0" daemon [_thread_in_native, id=18924, stack(0x0000000017a50000,0x0000000017b50000)]
  0x0000000017185000 JavaThread "Attach Listener" daemon [_thread_blocked, id=8148, stack(0x0000000017950000,0x0000000017a50000)]
  0x0000000017184000 JavaThread "Signal Dispatcher" daemon [_thread_blocked, id=24644, stack(0x0000000017850000,0x0000000017950000)]
  0x0000000017170800 JavaThread "Finalizer" daemon [_thread_blocked, id=28340, stack(0x0000000017650000,0x0000000017750000)]
  0x0000000002848000 JavaThread "Reference Handler" daemon [_thread_blocked, id=26276, stack(0x0000000017550000,0x0000000017650000)]
  0x0000000002753800 JavaThread "main" [_thread_blocked, id=27516, stack(0x0000000002550000,0x0000000002650000)]

Other Threads:
  0x0000000015368000 VMThread [stack: 0x0000000017050000,0x0000000017150000] [id=10292]
  0x00000000171ff800 WatcherThread [stack: 0x0000000017f50000,0x0000000018050000] [id=27632]

VM state:not at safepoint (normal execution)

VM Mutex/Monitor currently owned by a thread: None

heap address: 0x00000000c0000000, size: 1024 MB, Compressed Oops mode: 32-bit
Narrow klass base: 0x0000000000000000, Narrow klass shift: 3
Compressed class space size: 1073741824 Address: 0x0000000100000000

Heap:
 PSYoungGen      total 186880K, used 169354K [0x00000000eab00000, 0x00000000f7d00000, 0x0000000100000000)
  eden space 158720K, 98% used [0x00000000eab00000,0x00000000f44468c8,0x00000000f4600000)
  from space 28160K, 44% used [0x00000000f4600000,0x00000000f521c010,0x00000000f6180000)
  to   space 27648K, 0% used [0x00000000f6200000,0x00000000f6200000,0x00000000f7d00000)
 ParOldGen       total 84992K, used 53533K [0x00000000c0000000, 0x00000000c5300000, 0x00000000eab00000)
  object space 84992K, 62% used [0x00000000c0000000,0x00000000c3447570,0x00000000c5300000)
 Metaspace       used 16815K, capacity 17698K, committed 18176K, reserved 1064960K
  class space    used 2011K, capacity 2223K, committed 2304K, reserved 1048576K

Card table byte_map: [0x0000000011c10000,0x0000000011e20000] byte_map_base: 0x0000000011610000

Marking Bits: (ParMarkBitMap*) 0x0000000068a88f30
 Begin Bits: [0x0000000012780000, 0x0000000013780000)
 End Bits:   [0x0000000013780000, 0x0000000014780000)

Polling page: 0x0000000000d20000

CodeCache: size=245760Kb used=16822Kb max_used=16822Kb free=228937Kb
 bounds [0x0000000002850000, 0x00000000038e0000, 0x0000000011850000]
 total_blobs=4955 nmethods=4600 adapters=266
 compilation: enabled

Compilation events (10 events):
Event: 13.151 Thread 0x00000000171ce000 5464       2       com.android.tools.r8.t.a.a.a.f.k0::isEmpty (13 bytes)
Event: 13.151 Thread 0x00000000171ce000 nmethod 5464 0x0000000003166ed0 code [0x0000000003167020, 0x0000000003167190]
Event: 13.170 Thread 0x00000000171ce000 5465       2       com.android.tools.r8.t.a.a.a.f.k0::<init> (23 bytes)
Event: 13.171 Thread 0x00000000171ce000 nmethod 5465 0x0000000002ce8cd0 code [0x0000000002ce8e40, 0x0000000002ce9098]
Event: 13.173 Thread 0x00000000171ce000 5466       2       com.android.tools.r8.s.b.o::b0 (57 bytes)
Event: 13.174 Thread 0x00000000171ce000 nmethod 5466 0x0000000002ce9a50 code [0x0000000002ce9be0, 0x0000000002ce9de8]
Event: 13.176 Thread 0x00000000171ce000 5467       2       java.util.stream.Sink$ChainedReference::begin (11 bytes)
Event: 13.177 Thread 0x00000000171ce000 nmethod 5467 0x0000000002ca1b90 code [0x0000000002ca1d00, 0x0000000002ca1e88]
Event: 13.201 Thread 0x00000000171ce000 5468       2       com.android.tools.r8.s.b.o::i (60 bytes)
Event: 13.201 Thread 0x00000000171ce000 nmethod 5468 0x0000000002fe8b10 code [0x0000000002fe8ca0, 0x0000000002fe8ff8]

GC Heap History (10 events):
Event: 11.249 GC heap before
{Heap before GC invocations=18 (full 1):
 PSYoungGen      total 186368K, used 164768K [0x00000000eab00000, 0x00000000f7d00000, 0x0000000100000000)
  eden space 158720K, 100% used [0x00000000eab00000,0x00000000f4600000,0x00000000f4600000)
  from space 27648K, 21% used [0x00000000f6200000,0x00000000f67e8000,0x00000000f7d00000)
  to   space 28160K, 0% used [0x00000000f4600000,0x00000000f4600000,0x00000000f6180000)
 ParOldGen       total 84992K, used 53525K [0x00000000c0000000, 0x00000000c5300000, 0x00000000eab00000)
  object space 84992K, 62% used [0x00000000c0000000,0x00000000c3445570,0x00000000c5300000)
 Metaspace       used 16763K, capacity 17690K, committed 18176K, reserved 1064960K
  class space    used 2011K, capacity 2223K, committed 2304K, reserved 1048576K
Event: 11.261 GC heap after
Heap after GC invocations=18 (full 1):
 PSYoungGen      total 186880K, used 7552K [0x00000000eab00000, 0x00000000f7d00000, 0x0000000100000000)
  eden space 158720K, 0% used [0x00000000eab00000,0x00000000eab00000,0x00000000f4600000)
  from space 28160K, 26% used [0x00000000f4600000,0x00000000f4d60000,0x00000000f6180000)
  to   space 27648K, 0% used [0x00000000f6200000,0x00000000f6200000,0x00000000f7d00000)
 ParOldGen       total 84992K, used 53525K [0x00000000c0000000, 0x00000000c5300000, 0x00000000eab00000)
  object space 84992K, 62% used [0x00000000c0000000,0x00000000c3445570,0x00000000c5300000)
 Metaspace       used 16763K, capacity 17690K, committed 18176K, reserved 1064960K
  class space    used 2011K, capacity 2223K, committed 2304K, reserved 1048576K
}
Event: 11.640 GC heap before
{Heap before GC invocations=19 (full 1):
 PSYoungGen      total 186880K, used 166272K [0x00000000eab00000, 0x00000000f7d00000, 0x0000000100000000)
  eden space 158720K, 100% used [0x00000000eab00000,0x00000000f4600000,0x00000000f4600000)
  from space 28160K, 26% used [0x00000000f4600000,0x00000000f4d60000,0x00000000f6180000)
  to   space 27648K, 0% used [0x00000000f6200000,0x00000000f6200000,0x00000000f7d00000)
 ParOldGen       total 84992K, used 53525K [0x00000000c0000000, 0x00000000c5300000, 0x00000000eab00000)
  object space 84992K, 62% used [0x00000000c0000000,0x00000000c3445570,0x00000000c5300000)
 Metaspace       used 16771K, capacity 17694K, committed 18176K, reserved 1064960K
  class space    used 2011K, capacity 2223K, committed 2304K, reserved 1048576K
Event: 11.659 GC heap after
Heap after GC invocations=19 (full 1):
 PSYoungGen      total 186368K, used 8416K [0x00000000eab00000, 0x00000000f7d00000, 0x0000000100000000)
  eden space 158720K, 0% used [0x00000000eab00000,0x00000000eab00000,0x00000000f4600000)
  from space 27648K, 30% used [0x00000000f6200000,0x00000000f6a38000,0x00000000f7d00000)
  to   space 28160K, 0% used [0x00000000f4600000,0x00000000f4600000,0x00000000f6180000)
 ParOldGen       total 84992K, used 53525K [0x00000000c0000000, 0x00000000c5300000, 0x00000000eab00000)
  object space 84992K, 62% used [0x00000000c0000000,0x00000000c3445570,0x00000000c5300000)
 Metaspace       used 16771K, capacity 17694K, committed 18176K, reserved 1064960K
  class space    used 2011K, capacity 2223K, committed 2304K, reserved 1048576K
}
Event: 12.033 GC heap before
{Heap before GC invocations=20 (full 1):
 PSYoungGen      total 186368K, used 167136K [0x00000000eab00000, 0x00000000f7d00000, 0x0000000100000000)
  eden space 158720K, 100% used [0x00000000eab00000,0x00000000f4600000,0x00000000f4600000)
  from space 27648K, 30% used [0x00000000f6200000,0x00000000f6a38000,0x00000000f7d00000)
  to   space 28160K, 0% used [0x00000000f4600000,0x00000000f4600000,0x00000000f6180000)
 ParOldGen       total 84992K, used 53525K [0x00000000c0000000, 0x00000000c5300000, 0x00000000eab00000)
  object space 84992K, 62% used [0x00000000c0000000,0x00000000c3445570,0x00000000c5300000)
 Metaspace       used 16783K, capacity 17698K, committed 18176K, reserved 1064960K
  class space    used 2011K, capacity 2223K, committed 2304K, reserved 1048576K
Event: 12.044 GC heap after
Heap after GC invocations=20 (full 1):
 PSYoungGen      total 186880K, used 9072K [0x00000000eab00000, 0x00000000f7d00000, 0x0000000100000000)
  eden space 158720K, 0% used [0x00000000eab00000,0x00000000eab00000,0x00000000f4600000)
  from space 28160K, 32% used [0x00000000f4600000,0x00000000f4edc010,0x00000000f6180000)
  to   space 27648K, 0% used [0x00000000f6200000,0x00000000f6200000,0x00000000f7d00000)
 ParOldGen       total 84992K, used 53525K [0x00000000c0000000, 0x00000000c5300000, 0x00000000eab00000)
  object space 84992K, 62% used [0x00000000c0000000,0x00000000c3445570,0x00000000c5300000)
 Metaspace       used 16783K, capacity 17698K, committed 18176K, reserved 1064960K
  class space    used 2011K, capacity 2223K, committed 2304K, reserved 1048576K
}
Event: 12.420 GC heap before
{Heap before GC invocations=21 (full 1):
 PSYoungGen      total 186880K, used 167792K [0x00000000eab00000, 0x00000000f7d00000, 0x0000000100000000)
  eden space 158720K, 100% used [0x00000000eab00000,0x00000000f4600000,0x00000000f4600000)
  from space 28160K, 32% used [0x00000000f4600000,0x00000000f4edc010,0x00000000f6180000)
  to   space 27648K, 0% used [0x00000000f6200000,0x00000000f6200000,0x00000000f7d00000)
 ParOldGen       total 84992K, used 53525K [0x00000000c0000000, 0x00000000c5300000, 0x00000000eab00000)
  object space 84992K, 62% used [0x00000000c0000000,0x00000000c3445570,0x00000000c5300000)
 Metaspace       used 16793K, capacity 17698K, committed 18176K, reserved 1064960K
  class space    used 2011K, capacity 2223K, committed 2304K, reserved 1048576K
Event: 12.432 GC heap after
Heap after GC invocations=21 (full 1):
 PSYoungGen      total 186368K, used 11392K [0x00000000eab00000, 0x00000000f7d00000, 0x0000000100000000)
  eden space 158720K, 0% used [0x00000000eab00000,0x00000000eab00000,0x00000000f4600000)
  from space 27648K, 41% used [0x00000000f6200000,0x00000000f6d20000,0x00000000f7d00000)
  to   space 28160K, 0% used [0x00000000f4600000,0x00000000f4600000,0x00000000f6180000)
 ParOldGen       total 84992K, used 53533K [0x00000000c0000000, 0x00000000c5300000, 0x00000000eab00000)
  object space 84992K, 62% used [0x00000000c0000000,0x00000000c3447570,0x00000000c5300000)
 Metaspace       used 16793K, capacity 17698K, committed 18176K, reserved 1064960K
  class space    used 2011K, capacity 2223K, committed 2304K, reserved 1048576K
}
Event: 12.825 GC heap before
{Heap before GC invocations=22 (full 1):
 PSYoungGen      total 186368K, used 170112K [0x00000000eab00000, 0x00000000f7d00000, 0x0000000100000000)
  eden space 158720K, 100% used [0x00000000eab00000,0x00000000f4600000,0x00000000f4600000)
  from space 27648K, 41% used [0x00000000f6200000,0x00000000f6d20000,0x00000000f7d00000)
  to   space 28160K, 0% used [0x00000000f4600000,0x00000000f4600000,0x00000000f6180000)
 ParOldGen       total 84992K, used 53533K [0x00000000c0000000, 0x00000000c5300000, 0x00000000eab00000)
  object space 84992K, 62% used [0x00000000c0000000,0x00000000c3447570,0x00000000c5300000)
 Metaspace       used 16801K, capacity 17698K, committed 18176K, reserved 1064960K
  class space    used 2011K, capacity 2223K, committed 2304K, reserved 1048576K
Event: 12.841 GC heap after
Heap after GC invocations=22 (full 1):
 PSYoungGen      total 186880K, used 12400K [0x00000000eab00000, 0x00000000f7d00000, 0x0000000100000000)
  eden space 158720K, 0% used [0x00000000eab00000,0x00000000eab00000,0x00000000f4600000)
  from space 28160K, 44% used [0x00000000f4600000,0x00000000f521c010,0x00000000f6180000)
  to   space 27648K, 0% used [0x00000000f6200000,0x00000000f6200000,0x00000000f7d00000)
 ParOldGen       total 84992K, used 53533K [0x00000000c0000000, 0x00000000c5300000, 0x00000000eab00000)
  object space 84992K, 62% used [0x00000000c0000000,0x00000000c3447570,0x00000000c5300000)
 Metaspace       used 16801K, capacity 17698K, committed 18176K, reserved 1064960K
  class space    used 2011K, capacity 2223K, committed 2304K, reserved 1048576K
}

Deoptimization events (10 events):
Event: 9.890 Thread 0x00000000185ec800 Uncommon trap: reason=class_check action=maybe_recompile pc=0x00000000036fcfcc method=com.android.tools.r8.t.a.a.a.f.e.putAll(Ljava/util/Map;)V @ 3
Event: 9.909 Thread 0x00000000185ec800 Uncommon trap: reason=class_check action=maybe_recompile pc=0x00000000036fcfcc method=com.android.tools.r8.t.a.a.a.f.e.putAll(Ljava/util/Map;)V @ 3
Event: 9.931 Thread 0x00000000185ec800 Uncommon trap: reason=class_check action=maybe_recompile pc=0x00000000036fcfcc method=com.android.tools.r8.t.a.a.a.f.e.putAll(Ljava/util/Map;)V @ 3
Event: 9.949 Thread 0x00000000185fd800 Uncommon trap: reason=class_check action=maybe_recompile pc=0x00000000037cd710 method=com.android.tools.r8.ir.conversion.o.a(Lcom/android/tools/r8/ir/conversion/N;IZ)V @ 524
Event: 10.150 Thread 0x00000000185ec800 Uncommon trap: reason=unstable_if action=reinterpret pc=0x00000000037edda0 method=com.android.tools.r8.ir.regalloc.a.a(Lcom/android/tools/r8/ir/regalloc/a$a;Z)Lcom/android/tools/r8/ir/regalloc/a$a; @ 3007
Event: 10.352 Thread 0x00000000185ec800 Uncommon trap: reason=unstable_if action=reinterpret pc=0x0000000003811fc8 method=java.util.ArrayList.remove(Ljava/lang/Object;)Z @ 46
Event: 11.095 Thread 0x00000000185ec800 Uncommon trap: reason=unstable_if action=reinterpret pc=0x00000000030118fc method=java.util.HashMap.getNode(ILjava/lang/Object;)Ljava/util/HashMap$Node; @ 84
Event: 11.590 Thread 0x00000000185fd000 Uncommon trap: reason=class_check action=maybe_recompile pc=0x00000000037cd710 method=com.android.tools.r8.ir.conversion.o.a(Lcom/android/tools/r8/ir/conversion/N;IZ)V @ 524
Event: 11.770 Thread 0x00000000185ec800 Uncommon trap: reason=class_check action=maybe_recompile pc=0x00000000037cd710 method=com.android.tools.r8.ir.conversion.o.a(Lcom/android/tools/r8/ir/conversion/N;IZ)V @ 524
Event: 12.642 Thread 0x00000000184ba000 Uncommon trap: reason=unstable_if action=reinterpret pc=0x000000000301bb28 method=java.util.HashMap.getNode(ILjava/lang/Object;)Ljava/util/HashMap$Node; @ 84

Classes redefined (0 events):
No events

Internal exceptions (10 events):
Event: 1.087 Thread 0x0000000002753800 Implicit null exception at 0x0000000002abd238 to 0x0000000002abd6fd
Event: 2.693 Thread 0x0000000002753800 Exception <a 'java/lang/IncompatibleClassChangeError': Found class java.lang.Object, but interface was expected> (0x00000000ede13320) thrown at [D:\j\worksp~1\openjd~3\jdk8u\hotspot\src\share\vm\interpreter\linkResolver.cpp, line 653]
Event: 3.523 Thread 0x00000000185fd000 Implicit null exception at 0x0000000002cf5730 to 0x0000000002cf5811
Event: 3.823 Thread 0x00000000185ec800 Exception <a 'java/lang/NoSuchMethodError': java.lang.Object.b(Lcom/android/tools/r8/graph/p1$b;)Lcom/android/tools/r8/graph/p1$b;> (0x00000000ed93e250) thrown at [D:\j\worksp~1\openjd~3\jdk8u\hotspot\src\share\vm\interpreter\linkResolver.cpp, line 620]
Event: 3.915 Thread 0x00000000185fd800 Exception <a 'java/lang/NoSuchMethodError': java.lang.Object.lambda$comparingInt$7b0bb60$1(Ljava/util/function/ToIntFunction;Ljava/lang/Object;Ljava/lang/Object;)I> (0x00000000edbf8a28) thrown at [D:\j\worksp~1\openjd~3\jdk8u\hotspot\src\share\vm\interpre
Event: 3.915 Thread 0x00000000184ba000 Exception <a 'java/lang/NoSuchMethodError': java.lang.Object.lambda$comparingInt$7b0bb60$1(Ljava/util/function/ToIntFunction;Ljava/lang/Object;Ljava/lang/Object;)I> (0x00000000edac0cd8) thrown at [D:\j\worksp~1\openjd~3\jdk8u\hotspot\src\share\vm\interpre
Event: 3.918 Thread 0x00000000185fd000 Exception <a 'java/lang/NoSuchMethodError': java.lang.Object.lambda$maxBy$1(Ljava/util/Comparator;Ljava/lang/Object;Ljava/lang/Object;)Ljava/lang/Object;> (0x00000000edb6e9c8) thrown at [D:\j\worksp~1\openjd~3\jdk8u\hotspot\src\share\vm\interpreter\linkRe
Event: 3.918 Thread 0x00000000185fd800 Exception <a 'java/lang/NoSuchMethodError': java.lang.Object.lambda$maxBy$1(Ljava/util/Comparator;Ljava/lang/Object;Ljava/lang/Object;)Ljava/lang/Object;> (0x00000000edc04c98) thrown at [D:\j\worksp~1\openjd~3\jdk8u\hotspot\src\share\vm\interpreter\linkRe
Event: 3.918 Thread 0x00000000184ba000 Exception <a 'java/lang/NoSuchMethodError': java.lang.Object.lambda$maxBy$1(Ljava/util/Comparator;Ljava/lang/Object;Ljava/lang/Object;)Ljava/lang/Object;> (0x00000000edac82a8) thrown at [D:\j\worksp~1\openjd~3\jdk8u\hotspot\src\share\vm\interpreter\linkRe
Event: 3.918 Thread 0x00000000185ec800 Exception <a 'java/lang/NoSuchMethodError': java.lang.Object.lambda$maxBy$1(Ljava/util/Comparator;Ljava/lang/Object;Ljava/lang/Object;)Ljava/lang/Object;> (0x00000000ed996f90) thrown at [D:\j\worksp~1\openjd~3\jdk8u\hotspot\src\share\vm\interpreter\linkRe

Events (10 events):
Event: 13.098 Thread 0x00000000185fd800 DEOPT PACKING pc=0x000000000312e595 sp=0x0000000019a1e440
Event: 13.098 Thread 0x00000000185fd800 DEOPT UNPACKING pc=0x00000000028975d0 sp=0x0000000019a1e298 mode 0
Event: 13.113 Thread 0x00000000185fd800 DEOPT PACKING pc=0x0000000002d8f7aa sp=0x0000000019a1e0e0
Event: 13.113 Thread 0x00000000185fd800 DEOPT UNPACKING pc=0x00000000028975d0 sp=0x0000000019a1e0c0 mode 0
Event: 13.161 Thread 0x00000000185ec800 DEOPT PACKING pc=0x00000000032e06da sp=0x0000000019c1e440
Event: 13.162 Thread 0x00000000185ec800 DEOPT UNPACKING pc=0x00000000028975d0 sp=0x0000000019c1e5a8 mode 0
Event: 13.176 Thread 0x00000000185ec800 DEOPT PACKING pc=0x000000000312e941 sp=0x0000000019c1e450
Event: 13.176 Thread 0x00000000185ec800 DEOPT UNPACKING pc=0x00000000028975d0 sp=0x0000000019c1e2b0 mode 0
Event: 13.184 Thread 0x00000000184ba000 DEOPT PACKING pc=0x00000000032e0b4d sp=0x0000000019b1de70
Event: 13.184 Thread 0x00000000184ba000 DEOPT UNPACKING pc=0x00000000028975d0 sp=0x0000000019b1dfe0 mode 0


Dynamic libraries:
0x00007ff605080000 - 0x00007ff6050b5000 	C:\Program Files\Android\Jdk\microsoft_dist_openjdk_1.8.0.25\bin\java.exe
0x00007ffc0d620000 - 0x00007ffc0d827000 	C:\WINDOWS\SYSTEM32\ntdll.dll
0x00007ffc0bb90000 - 0x00007ffc0bc4d000 	C:\WINDOWS\System32\KERNEL32.DLL
0x00007ffc0b0b0000 - 0x00007ffc0b424000 	C:\WINDOWS\System32\KERNELBASE.dll
0x00007ffc0b7d0000 - 0x00007ffc0b87c000 	C:\WINDOWS\System32\ADVAPI32.dll
0x00007ffc0bc50000 - 0x00007ffc0bcf3000 	C:\WINDOWS\System32\msvcrt.dll
0x00007ffc0bd20000 - 0x00007ffc0bdbd000 	C:\WINDOWS\System32\sechost.dll
0x00007ffc0b4b0000 - 0x00007ffc0b5d1000 	C:\WINDOWS\System32\RPCRT4.dll
0x00007ffc0b970000 - 0x00007ffc0bb1c000 	C:\WINDOWS\System32\USER32.dll
0x00007ffc0ae00000 - 0x00007ffc0ae26000 	C:\WINDOWS\System32\win32u.dll
0x00007ffc0c870000 - 0x00007ffc0c899000 	C:\WINDOWS\System32\GDI32.dll
0x00007ffc0ab70000 - 0x00007ffc0ac82000 	C:\WINDOWS\System32\gdi32full.dll
0x00007ffc0aef0000 - 0x00007ffc0af8d000 	C:\WINDOWS\System32\msvcp_win.dll
0x00007ffc0af90000 - 0x00007ffc0b0a1000 	C:\WINDOWS\System32\ucrtbase.dll
0x00007ffbf3f80000 - 0x00007ffbf4225000 	C:\WINDOWS\WinSxS\amd64_microsoft.windows.common-controls_6595b64144ccf1df_6.0.22000.120_none_9d947278b86cc467\COMCTL32.dll
0x00007ffc0c360000 - 0x00007ffc0c391000 	C:\WINDOWS\System32\IMM32.DLL
0x0000000068b10000 - 0x0000000068be1000 	C:\Program Files\Android\Jdk\microsoft_dist_openjdk_1.8.0.25\jre\bin\msvcr100.dll
0x00000000682c0000 - 0x0000000068b05000 	C:\Program Files\Android\Jdk\microsoft_dist_openjdk_1.8.0.25\jre\bin\server\jvm.dll
0x00007ffc0bb20000 - 0x00007ffc0bb28000 	C:\WINDOWS\System32\PSAPI.DLL
0x00007ffbf4230000 - 0x00007ffbf4239000 	C:\WINDOWS\SYSTEM32\WSOCK32.dll
0x00007ffc0bdd0000 - 0x00007ffc0be3f000 	C:\WINDOWS\System32\WS2_32.dll
0x00007ffc04100000 - 0x00007ffc04133000 	C:\WINDOWS\SYSTEM32\WINMM.dll
0x00007ffc03240000 - 0x00007ffc0324a000 	C:\WINDOWS\SYSTEM32\VERSION.dll
0x00007ffc048c0000 - 0x00007ffc048cf000 	C:\Program Files\Android\Jdk\microsoft_dist_openjdk_1.8.0.25\jre\bin\verify.dll
0x00007ffbf8280000 - 0x00007ffbf82a9000 	C:\Program Files\Android\Jdk\microsoft_dist_openjdk_1.8.0.25\jre\bin\java.dll
0x00007ffbf9b50000 - 0x00007ffbf9b66000 	C:\Program Files\Android\Jdk\microsoft_dist_openjdk_1.8.0.25\jre\bin\zip.dll
0x00007ffc0cdc0000 - 0x00007ffc0d569000 	C:\WINDOWS\System32\SHELL32.dll
0x00007ffc08c70000 - 0x00007ffc094d2000 	C:\WINDOWS\SYSTEM32\windows.storage.dll
0x00007ffc0ca40000 - 0x00007ffc0cdb8000 	C:\WINDOWS\System32\combase.dll
0x00007ffc08b00000 - 0x00007ffc08c66000 	C:\WINDOWS\SYSTEM32\wintypes.dll
0x00007ffc0b880000 - 0x00007ffc0b96a000 	C:\WINDOWS\System32\SHCORE.dll
0x00007ffc0d570000 - 0x00007ffc0d5cd000 	C:\WINDOWS\System32\shlwapi.dll
0x00007ffc0aa30000 - 0x00007ffc0aa51000 	C:\WINDOWS\SYSTEM32\profapi.dll
0x00007ffbf9af0000 - 0x00007ffbf9b0a000 	C:\Program Files\Android\jdk\microsoft_dist_openjdk_1.8.0.25\jre\bin\net.dll
0x00007ffc09ff0000 - 0x00007ffc0a057000 	C:\WINDOWS\system32\mswsock.dll
0x00007ffbf9600000 - 0x00007ffbf9611000 	C:\Program Files\Android\jdk\microsoft_dist_openjdk_1.8.0.25\jre\bin\nio.dll

VM Arguments:
jvm_args: -Xmx1G 
java_command: com.android.tools.r8.D8 --debug --min-api 27 --output obj\Debug\90\android\bin\ --lib C:\Program Files (x86)\Android\android-sdk\platforms\android-28\android.jar obj\Debug\90\android\bin\classes.zip C:\Program Files (x86)\Microsoft Visual Studio\2019\Community\Common7\IDE\ReferenceAssemblies\Microsoft\Framework\MonoAndroid\v9.0\mono.android.jar C:\Program Files (x86)\Microsoft Visual Studio\2019\Community\MSBuild\Xamarin\Android\java_runtime_fastdev.jar C:\Program Files (x86)\Microsoft\Xamarin\NuGet\xamarin.androidx.annotation\1.1.0.1\buildTransitive\monoandroid90\..\..\jar\androidx.annotation.annotation.jar C:\Program Files (x86)\Microsoft\Xamarin\NuGet\xamarin.androidx.collection\1.1.0.1\buildTransitive\monoandroid90\..\..\jar\androidx.collection.collection.jar C:\Program Files (x86)\Microsoft\Xamarin\NuGet\xamarin.androidx.lifecycle.common\2.1.0.1\buildTransitive\monoandroid90\..\..\jar\androidx.lifecycle.lifecycle-common.jar C:\Program Files (x86)\Microsoft\Xamarin\NuGet\xamarin.androidx.arch.core.common\2.1.0.1\buildTransitive\monoandroid90\..\..\jar\androidx.arch.core.core-common.jar obj\Debug\90\lp\0\jl\cw-deviceapi20190815.jar obj\Debug\90\lp\0\jl\IGLBarDecoder.jar obj\Debug\90\lp\1\jl\jars\classes.jar obj\Debug\90\lp\2\jl\bin\classes.jar obj\Debug\90\lp\4\jl\bin\classes.jar obj\Debug\90\lp\5\jl\bin\classes.jar obj\Debug\90\lp\53\jl\bin\classes.jar obj\Debug\90\lp\54\jl\classes.jar obj\Debug\90\lp\55\jl\classes.jar obj\Debug\90\lp\56\jl\classes.jar obj\Debug\90\lp\57\jl\classes.jar obj\Debug\90\lp\58\jl\classes.jar obj\Debug\90\lp\59\jl\classes.jar obj\Debug\90\lp\60\jl\classes.jar obj\Debug\90\lp\61\jl\classes.jar obj\Debug\90\lp\62\jl\classes.jar obj\Debug\90\lp\63\jl\classes.jar obj\Debug\90\lp\64\jl\classes.jar obj\Debug\90\lp\65\jl\classes.jar obj\Debug\90\lp\66\jl\classes.jar obj\Debug\90\lp\67\jl\classes.jar obj\Debug\90\lp\68\jl\classes.jar obj\Debug\90\lp\69\jl\classes.jar obj\Debug\90\lp\7\jl\bin\classes.jar obj\Debug\90\lp\70\jl\cl
java_class_path (initial): C:\Program Files (x86)\Microsoft Visual Studio\2019\Community\MSBuild\Xamarin\Android\r8.jar
Launcher Type: SUN_STANDARD

Environment Variables:
PATH=C:\Program Files\Android\Jdk\microsoft_dist_openjdk_1.8.0.25\bin;C:\Program Files (x86)\VMware\VMware Workstation\bin\;C:\WINDOWS\system32;C:\WINDOWS;C:\WINDOWS\System32\Wbem;C:\WINDOWS\System32\WindowsPowerShell\v1.0\;C:\WINDOWS\System32\OpenSSH\;C:\Program Files\dotnet\;C:\Program Files\Microsoft SQL Server\130\Tools\Binn\;C:\Program Files\Microsoft SQL Server\Client SDK\ODBC\170\Tools\Binn\;C:\Program Files\Git\cmd;C:\Program Files (x86)\Microsoft SQL Server\150\DTS\Binn\;C:\Program Files\Azure Data Studio\bin;C:\xampp\php;C:\ProgramData\ComposerSetup\bin;C:\Program Files (x86)\dotnet\;c:\Program Files (x86)\Microsoft SQL Server\90\Tools\binn\;C:\Program Files\nodejs\;C:\Program Files (x86)\Microsoft SQL Server\150\Tools\Binn\;C:\Program Files\Microsoft SQL Server\150\Tools\Binn\;C:\Program Files\Microsoft SQL Server\150\DTS\Binn\;C:\msys64\mingw64\bin;C:\Program Files (x86)\Calibre2\;C:\Users\Janko\AppData\Local\Programs\Python\Python39\Scripts\;C:\Users\Janko\AppData\Local\Programs\Python\Python39\;C:\Users\Janko\AppData\Local\Microsoft\WindowsApps;;C:\Users\Janko\AppData\Local\Programs\Microsoft VS Code\bin;C:\Users\Janko\.dotnet\tools;C:\Program Files\Azure Data Studio\bin;C:\Users\Janko\AppData\Roaming\Composer\vendor\bin;C:\Program Files\JetBrains\IntelliJ IDEA Community Edition 2021.2\bin;;C:\Users\Janko\AppData\Roaming\npm
USERNAME=Janko
OS=Windows_NT
PROCESSOR_IDENTIFIER=Intel64 Family 6 Model 126 Stepping 5, GenuineIntel



---------------  S Y S T E M  ---------------

OS: Windows 10.0 , 64 bit Build 22000 (10.0.22000.120)

CPU:total 8 (initial active 8) (4 cores per cpu, 2 threads per core) family 6 model 126 stepping 5, cmov, cx8, fxsr, mmx, sse, sse2, sse3, ssse3, sse4.1, sse4.2, popcnt, avx, avx2, aes, clmul, erms, 3dnowpref, lzcnt, ht, tsc, tscinvbit, bmi1, bmi2, adx

Memory: 4k page, physical 8124672k(516456k free), swap 33290496k(5168k free)

vm_info: OpenJDK 64-Bit Server VM (25.71-b00) for windows-amd64 JRE (1.8.0-25-microsoft-b00), built on Feb  7 2019 20:09:14 by "builder" with MS VC++ 10.0 (VS2010)

time: Wed Nov 03 12:46:11 2021
timezone: Central Europe Standard Time
elapsed time: 13 seconds (0d 0h 0m 13s)

