#
# There is insufficient memory for the Java Runtime Environment to continue.
# Native memory allocation (malloc) failed to allocate 539696 bytes for Chunk::new
# Possible reasons:
#   The system is out of physical RAM or swap space
#   The process is running with CompressedOops enabled, and the Java Heap may be blocking the growth of the native heap
# Possible solutions:
#   Reduce memory load on the system
#   Increase physical memory or swap space
#   Check if swap backing store is full
#   Decrease Java heap size (-Xmx/-Xms)
#   Decrease number of Java threads
#   Decrease Java thread stack sizes (-Xss)
#   Set larger code cache with -XX:ReservedCodeCacheSize=
#   JVM is running with Unscaled Compressed Oops mode in which the Java heap is
#     placed in the first 4GB address space. The Java Heap base address is the
#     maximum limit for the native heap growth. Please use -XX:HeapBaseMinAddress
#     to set the Java Heap base and to place the Java Heap above 4GB virtual address.
# This output file may be truncated or incomplete.
#
#  Out of Memory Error (allocation.cpp:389), pid=3964, tid=0x0000000000002ac4
#
# JRE version: OpenJDK Runtime Environment (8.0) (build 1.8.0-25-microsoft-b00)
# Java VM: OpenJDK 64-Bit Server VM (25.71-b00 mixed mode windows-amd64 compressed oops)
# Failed to write core dump. Minidumps are not enabled by default on client versions of Windows
#

---------------  T H R E A D  ---------------

Current thread (0x0000000014f1a000):  JavaThread "C2 CompilerThread0" daemon [_thread_in_native, id=10948, stack(0x0000000015f40000,0x0000000016040000)]

Stack: [0x0000000015f40000,0x0000000016040000]
[error occurred during error reporting (printing stack bounds), id 0xc0000005]

Native frames: (J=compiled Java code, j=interpreted, Vv=VM code, C=native code)


Current CompileTask:
C2:  13418 2410       4       com.android.tools.r8.shaking.Enqueuer::getProgramClassOrNull (26 bytes)


---------------  P R O C E S S  ---------------

Java Threads: ( => current thread )
  0x000000001797b000 JavaThread "ForkJoinPool-1-worker-0" daemon [_thread_blocked, id=8500, stack(0x0000000018510000,0x0000000018610000)]
  0x0000000017a15000 JavaThread "ForkJoinPool-1-worker-1" daemon [_thread_blocked, id=1404, stack(0x0000000018410000,0x0000000018510000)]
  0x0000000014f6f000 JavaThread "Service Thread" daemon [_thread_blocked, id=6732, stack(0x0000000016140000,0x0000000016240000)]
  0x0000000014f09000 JavaThread "C1 CompilerThread1" daemon [_thread_blocked, id=10276, stack(0x0000000016040000,0x0000000016140000)]
=>0x0000000014f1a000 JavaThread "C2 CompilerThread0" daemon [_thread_in_native, id=10948, stack(0x0000000015f40000,0x0000000016040000)]
  0x0000000014f18800 JavaThread "Attach Listener" daemon [_thread_blocked, id=1712, stack(0x0000000015e40000,0x0000000015f40000)]
  0x0000000002a7e800 JavaThread "Signal Dispatcher" daemon [_thread_blocked, id=4020, stack(0x0000000015d40000,0x0000000015e40000)]
  0x0000000002a73800 JavaThread "Finalizer" daemon [_thread_blocked, id=2744, stack(0x0000000015b40000,0x0000000015c40000)]
  0x0000000014ef7000 JavaThread "Reference Handler" daemon [_thread_blocked, id=9784, stack(0x0000000015a40000,0x0000000015b40000)]
  0x0000000002983800 JavaThread "main" [_thread_in_vm, id=4700, stack(0x0000000002690000,0x0000000002790000)]

Other Threads:
  0x0000000014ed5800 VMThread [stack: 0x0000000015940000,0x0000000015a40000] [id=7744]
  0x0000000014f71800 WatcherThread [stack: 0x0000000016240000,0x0000000016340000] [id=9324]

VM state:not at safepoint (normal execution)

VM Mutex/Monitor currently owned by a thread: None

heap address: 0x00000000c0000000, size: 1024 MB, Compressed Oops mode: 32-bit
Narrow klass base: 0x0000000000000000, Narrow klass shift: 3
Compressed class space size: 1073741824 Address: 0x0000000100000000

Heap:
 PSYoungGen      total 98304K, used 52222K [0x00000000eab00000, 0x00000000f3680000, 0x0000000100000000)
  eden space 72192K, 50% used [0x00000000eab00000,0x00000000ecee51f8,0x00000000ef180000)
  from space 26112K, 59% used [0x00000000ef180000,0x00000000f009a8d0,0x00000000f0b00000)
  to   space 25088K, 0% used [0x00000000f1e00000,0x00000000f1e00000,0x00000000f3680000)
 ParOldGen       total 131072K, used 62867K [0x00000000c0000000, 0x00000000c8000000, 0x00000000eab00000)
  object space 131072K, 47% used [0x00000000c0000000,0x00000000c3d64ce8,0x00000000c8000000)
 Metaspace       used 12449K, capacity 13316K, committed 13440K, reserved 1060864K
  class space    used 1457K, capacity 1634K, committed 1664K, reserved 1048576K

Card table byte_map: [0x0000000011e40000,0x0000000012050000] byte_map_base: 0x0000000011840000

Marking Bits: (ParMarkBitMap*) 0x000000006ca08f30
 Begin Bits: [0x00000000123b0000, 0x00000000133b0000)
 End Bits:   [0x00000000133b0000, 0x00000000143b0000)

Polling page: 0x0000000000bb0000

CodeCache: size=245760Kb used=8811Kb max_used=8811Kb free=236948Kb
 bounds [0x0000000002a80000, 0x0000000003330000, 0x0000000011a80000]
 total_blobs=2799 nmethods=2448 adapters=264
 compilation: enabled

Compilation events (10 events):
Event: 13.385 Thread 0x0000000014f09000 2537       2       com.android.tools.r8.shaking.RootSetBuilder$RootSetBase$$Lambda$178/152217156::accept (24 bytes)
Event: 13.385 Thread 0x0000000014f09000 nmethod 2537 0x000000000331c750 code [0x000000000331c8c0, 0x000000000331cac8]
Event: 13.390 Thread 0x0000000014f09000 2538       2       com.android.tools.r8.shaking.Enqueuer::markDirectAndIndirectClassInitializersAsLive (144 bytes)
Event: 13.391 Thread 0x0000000014f09000 nmethod 2538 0x000000000331cb90 code [0x000000000331ce00, 0x000000000331d768]
Event: 13.392 Thread 0x0000000014f09000 2539       2       com.android.tools.r8.shaking.Enqueuer::recordMethodReference (54 bytes)
Event: 13.393 Thread 0x0000000014f09000 nmethod 2539 0x000000000331dfd0 code [0x000000000331e160, 0x000000000331e3e8]
Event: 13.395 Thread 0x0000000014f09000 2540       2       com.android.tools.r8.shaking.Enqueuer::markVirtualDispatchTargetAsLive (61 bytes)
Event: 13.396 Thread 0x0000000014f09000 nmethod 2540 0x000000000331e610 code [0x000000000331e820, 0x000000000331ed48]
Event: 13.396 Thread 0x0000000014f09000 2541       2       com.android.tools.r8.shaking.Enqueuer::markMethodAsKept (133 bytes)
Event: 13.398 Thread 0x0000000014f09000 nmethod 2541 0x000000000331f210 code [0x000000000331f440, 0x000000000331fb48]

GC Heap History (10 events):
Event: 9.196 GC heap before
{Heap before GC invocations=6 (full 0):
 PSYoungGen      total 71680K, used 71672K [0x00000000eab00000, 0x00000000ef600000, 0x0000000100000000)
  eden space 66560K, 100% used [0x00000000eab00000,0x00000000eec00000,0x00000000eec00000)
  from space 5120K, 99% used [0x00000000eec00000,0x00000000ef0fe030,0x00000000ef100000)
  to   space 5120K, 0% used [0x00000000ef100000,0x00000000ef100000,0x00000000ef600000)
 ParOldGen       total 87552K, used 49159K [0x00000000c0000000, 0x00000000c5580000, 0x00000000eab00000)
  object space 87552K, 56% used [0x00000000c0000000,0x00000000c3001cf8,0x00000000c5580000)
 Metaspace       used 10471K, capacity 10946K, committed 11136K, reserved 1058816K
  class space    used 1220K, capacity 1335K, committed 1408K, reserved 1048576K
Event: 9.288 GC heap after
Heap after GC invocations=6 (full 0):
 PSYoungGen      total 49664K, used 5112K [0x00000000eab00000, 0x00000000f6200000, 0x0000000100000000)
  eden space 44544K, 0% used [0x00000000eab00000,0x00000000eab00000,0x00000000ed680000)
  from space 5120K, 99% used [0x00000000ef100000,0x00000000ef5fe030,0x00000000ef600000)
  to   space 27136K, 0% used [0x00000000ed680000,0x00000000ed680000,0x00000000ef100000)
 ParOldGen       total 87552K, used 64895K [0x00000000c0000000, 0x00000000c5580000, 0x00000000eab00000)
  object space 87552K, 74% used [0x00000000c0000000,0x00000000c3f5fcc8,0x00000000c5580000)
 Metaspace       used 10471K, capacity 10946K, committed 11136K, reserved 1058816K
  class space    used 1220K, capacity 1335K, committed 1408K, reserved 1048576K
}
Event: 9.606 GC heap before
{Heap before GC invocations=7 (full 0):
 PSYoungGen      total 49664K, used 49656K [0x00000000eab00000, 0x00000000f6200000, 0x0000000100000000)
  eden space 44544K, 100% used [0x00000000eab00000,0x00000000ed680000,0x00000000ed680000)
  from space 5120K, 99% used [0x00000000ef100000,0x00000000ef5fe030,0x00000000ef600000)
  to   space 27136K, 0% used [0x00000000ed680000,0x00000000ed680000,0x00000000ef100000)
 ParOldGen       total 87552K, used 64895K [0x00000000c0000000, 0x00000000c5580000, 0x00000000eab00000)
  object space 87552K, 74% used [0x00000000c0000000,0x00000000c3f5fcc8,0x00000000c5580000)
 Metaspace       used 10471K, capacity 10946K, committed 11136K, reserved 1058816K
  class space    used 1220K, capacity 1335K, committed 1408K, reserved 1048576K
Event: 9.758 GC heap after
Heap after GC invocations=7 (full 0):
 PSYoungGen      total 71680K, used 13917K [0x00000000eab00000, 0x00000000f3500000, 0x0000000100000000)
  eden space 44544K, 0% used [0x00000000eab00000,0x00000000eab00000,0x00000000ed680000)
  from space 27136K, 51% used [0x00000000ed680000,0x00000000ee4175e0,0x00000000ef100000)
  to   space 26112K, 0% used [0x00000000f1b80000,0x00000000f1b80000,0x00000000f3500000)
 ParOldGen       total 87552K, used 67187K [0x00000000c0000000, 0x00000000c5580000, 0x00000000eab00000)
  object space 87552K, 76% used [0x00000000c0000000,0x00000000c419ccf8,0x00000000c5580000)
 Metaspace       used 10471K, capacity 10946K, committed 11136K, reserved 1058816K
  class space    used 1220K, capacity 1335K, committed 1408K, reserved 1048576K
}
Event: 9.758 GC heap before
{Heap before GC invocations=8 (full 1):
 PSYoungGen      total 71680K, used 13917K [0x00000000eab00000, 0x00000000f3500000, 0x0000000100000000)
  eden space 44544K, 0% used [0x00000000eab00000,0x00000000eab00000,0x00000000ed680000)
  from space 27136K, 51% used [0x00000000ed680000,0x00000000ee4175e0,0x00000000ef100000)
  to   space 26112K, 0% used [0x00000000f1b80000,0x00000000f1b80000,0x00000000f3500000)
 ParOldGen       total 87552K, used 67187K [0x00000000c0000000, 0x00000000c5580000, 0x00000000eab00000)
  object space 87552K, 76% used [0x00000000c0000000,0x00000000c419ccf8,0x00000000c5580000)
 Metaspace       used 10471K, capacity 10946K, committed 11136K, reserved 1058816K
  class space    used 1220K, capacity 1335K, committed 1408K, reserved 1048576K
Event: 10.673 GC heap after
Heap after GC invocations=8 (full 1):
 PSYoungGen      total 71680K, used 0K [0x00000000eab00000, 0x00000000f3500000, 0x0000000100000000)
  eden space 44544K, 0% used [0x00000000eab00000,0x00000000eab00000,0x00000000ed680000)
  from space 27136K, 0% used [0x00000000ed680000,0x00000000ed680000,0x00000000ef100000)
  to   space 26112K, 0% used [0x00000000f1b80000,0x00000000f1b80000,0x00000000f3500000)
 ParOldGen       total 131072K, used 62851K [0x00000000c0000000, 0x00000000c8000000, 0x00000000eab00000)
  object space 131072K, 47% used [0x00000000c0000000,0x00000000c3d60ce8,0x00000000c8000000)
 Metaspace       used 10465K, capacity 10934K, committed 11136K, reserved 1058816K
  class space    used 1217K, capacity 1331K, committed 1408K, reserved 1048576K
}
Event: 11.496 GC heap before
{Heap before GC invocations=9 (full 1):
 PSYoungGen      total 71680K, used 44544K [0x00000000eab00000, 0x00000000f3500000, 0x0000000100000000)
  eden space 44544K, 100% used [0x00000000eab00000,0x00000000ed680000,0x00000000ed680000)
  from space 27136K, 0% used [0x00000000ed680000,0x00000000ed680000,0x00000000ef100000)
  to   space 26112K, 0% used [0x00000000f1b80000,0x00000000f1b80000,0x00000000f3500000)
 ParOldGen       total 131072K, used 62851K [0x00000000c0000000, 0x00000000c8000000, 0x00000000eab00000)
  object space 131072K, 47% used [0x00000000c0000000,0x00000000c3d60ce8,0x00000000c8000000)
 Metaspace       used 10777K, capacity 11282K, committed 11392K, reserved 1058816K
  class space    used 1269K, capacity 1401K, committed 1408K, reserved 1048576K
Event: 11.542 GC heap after
Heap after GC invocations=9 (full 1):
 PSYoungGen      total 79360K, used 9185K [0x00000000eab00000, 0x00000000f2480000, 0x0000000100000000)
  eden space 70144K, 0% used [0x00000000eab00000,0x00000000eab00000,0x00000000eef80000)
  from space 9216K, 99% used [0x00000000f1b80000,0x00000000f24786d0,0x00000000f2480000)
  to   space 26112K, 0% used [0x00000000ef180000,0x00000000ef180000,0x00000000f0b00000)
 ParOldGen       total 131072K, used 62859K [0x00000000c0000000, 0x00000000c8000000, 0x00000000eab00000)
  object space 131072K, 47% used [0x00000000c0000000,0x00000000c3d62ce8,0x00000000c8000000)
 Metaspace       used 10777K, capacity 11282K, committed 11392K, reserved 1058816K
  class space    used 1269K, capacity 1401K, committed 1408K, reserved 1048576K
}
Event: 12.658 GC heap before
{Heap before GC invocations=10 (full 1):
 PSYoungGen      total 79360K, used 79329K [0x00000000eab00000, 0x00000000f2480000, 0x0000000100000000)
  eden space 70144K, 100% used [0x00000000eab00000,0x00000000eef80000,0x00000000eef80000)
  from space 9216K, 99% used [0x00000000f1b80000,0x00000000f24786d0,0x00000000f2480000)
  to   space 26112K, 0% used [0x00000000ef180000,0x00000000ef180000,0x00000000f0b00000)
 ParOldGen       total 131072K, used 62859K [0x00000000c0000000, 0x00000000c8000000, 0x00000000eab00000)
  object space 131072K, 47% used [0x00000000c0000000,0x00000000c3d62ce8,0x00000000c8000000)
 Metaspace       used 11469K, capacity 12144K, committed 12288K, reserved 1060864K
  class space    used 1340K, capacity 1504K, committed 1536K, reserved 1048576K
Event: 12.714 GC heap after
Heap after GC invocations=10 (full 1):
 PSYoungGen      total 98304K, used 15466K [0x00000000eab00000, 0x00000000f3680000, 0x0000000100000000)
  eden space 72192K, 0% used [0x00000000eab00000,0x00000000eab00000,0x00000000ef180000)
  from space 26112K, 59% used [0x00000000ef180000,0x00000000f009a8d0,0x00000000f0b00000)
  to   space 25088K, 0% used [0x00000000f1e00000,0x00000000f1e00000,0x00000000f3680000)
 ParOldGen       total 131072K, used 62867K [0x00000000c0000000, 0x00000000c8000000, 0x00000000eab00000)
  object space 131072K, 47% used [0x00000000c0000000,0x00000000c3d64ce8,0x00000000c8000000)
 Metaspace       used 11469K, capacity 12144K, committed 12288K, reserved 1060864K
  class space    used 1340K, capacity 1504K, committed 1536K, reserved 1048576K
}

Deoptimization events (10 events):
Event: 12.980 Thread 0x0000000002983800 Uncommon trap: reason=bimorphic action=maybe_recompile pc=0x0000000002efb904 method=com.android.tools.r8.q.a.a.b.O0.hasNext()Z @ 9
Event: 12.999 Thread 0x0000000002983800 Uncommon trap: reason=unstable_if action=reinterpret pc=0x0000000002fc5bd8 method=java.util.Arrays.equals([Ljava/lang/Object;[Ljava/lang/Object;)Z @ 23
Event: 13.134 Thread 0x0000000002983800 Uncommon trap: reason=class_check action=maybe_recompile pc=0x00000000032a26ac method=com.android.tools.r8.shaking.Enqueuer.definitionFor(Lcom/android/tools/r8/graph/j0;)Lcom/android/tools/r8/graph/C; @ 21
Event: 13.138 Thread 0x0000000002983800 Uncommon trap: reason=class_check action=maybe_recompile pc=0x000000000327a3a8 method=com.android.tools.r8.q.a.a.b.O0.hasNext()Z @ 27
Event: 13.138 Thread 0x0000000002983800 Uncommon trap: reason=class_check action=maybe_recompile pc=0x000000000327a3a8 method=com.android.tools.r8.q.a.a.b.O0.hasNext()Z @ 27
Event: 13.150 Thread 0x0000000002983800 Uncommon trap: reason=unstable_if action=reinterpret pc=0x0000000002bdd8e0 method=java.util.HashMap.putVal(ILjava/lang/Object;Ljava/lang/Object;ZZ)Ljava/lang/Object; @ 162
Event: 13.183 Thread 0x0000000002983800 Uncommon trap: reason=unstable_if action=reinterpret pc=0x00000000032a26e8 method=com.android.tools.r8.shaking.Enqueuer.definitionFor(Lcom/android/tools/r8/graph/j0;)Lcom/android/tools/r8/graph/C; @ 10
Event: 13.206 Thread 0x0000000002983800 Uncommon trap: reason=unstable_if action=reinterpret pc=0x00000000032a45c8 method=java.util.Map.getOrDefault(Ljava/lang/Object;Ljava/lang/Object;)Ljava/lang/Object; @ 9
Event: 13.259 Thread 0x0000000002983800 Uncommon trap: reason=unstable_if action=reinterpret pc=0x000000000329ff94 method=java.util.Map.getOrDefault(Ljava/lang/Object;Ljava/lang/Object;)Ljava/lang/Object; @ 9
Event: 13.259 Thread 0x0000000002983800 Uncommon trap: reason=unstable_if action=reinterpret pc=0x000000000329cb64 method=java.util.Map.getOrDefault(Ljava/lang/Object;Ljava/lang/Object;)Ljava/lang/Object; @ 9

Classes redefined (0 events):
No events

Internal exceptions (10 events):
Event: 2.049 Thread 0x0000000002983800 Implicit null exception at 0x0000000002d0a2ed to 0x0000000002d0a8e5
Event: 2.050 Thread 0x0000000002983800 Implicit null exception at 0x0000000002d00e38 to 0x0000000002d012dd
Event: 2.117 Thread 0x0000000002983800 Exception <a 'java/security/PrivilegedActionException'> (0x00000000eae09848) thrown at [D:\j\worksp~1\openjd~3\jdk8u\hotspot\src\share\vm\prims\jvm.cpp, line 1508]
Event: 2.117 Thread 0x0000000002983800 Exception <a 'java/security/PrivilegedActionException'> (0x00000000eae09a58) thrown at [D:\j\worksp~1\openjd~3\jdk8u\hotspot\src\share\vm\prims\jvm.cpp, line 1508]
Event: 2.118 Thread 0x0000000002983800 Exception <a 'java/security/PrivilegedActionException'> (0x00000000eae0dd08) thrown at [D:\j\worksp~1\openjd~3\jdk8u\hotspot\src\share\vm\prims\jvm.cpp, line 1508]
Event: 2.118 Thread 0x0000000002983800 Exception <a 'java/security/PrivilegedActionException'> (0x00000000eae0df18) thrown at [D:\j\worksp~1\openjd~3\jdk8u\hotspot\src\share\vm\prims\jvm.cpp, line 1508]
Event: 2.118 Thread 0x0000000002983800 Exception <a 'java/security/PrivilegedActionException'> (0x00000000eae0f658) thrown at [D:\j\worksp~1\openjd~3\jdk8u\hotspot\src\share\vm\prims\jvm.cpp, line 1508]
Event: 2.118 Thread 0x0000000002983800 Exception <a 'java/security/PrivilegedActionException'> (0x00000000eae0f868) thrown at [D:\j\worksp~1\openjd~3\jdk8u\hotspot\src\share\vm\prims\jvm.cpp, line 1508]
Event: 7.081 Thread 0x0000000002983800 Implicit null exception at 0x0000000002fd8f40 to 0x0000000002fe0ea5
Event: 13.183 Thread 0x0000000002983800 Implicit null exception at 0x00000000032a2674 to 0x00000000032a26d9

Events (10 events):
Event: 13.249 loading class com/android/tools/r8/graph/m1
Event: 13.249 loading class com/android/tools/r8/graph/m1 done
Event: 13.252 loading class com/android/tools/r8/graph/j0
Event: 13.252 loading class com/android/tools/r8/graph/j0 done
Event: 13.259 Thread 0x0000000002983800 Uncommon trap: trap_request=0xffffff65 fr.pc=0x000000000329ff94
Event: 13.259 Thread 0x0000000002983800 DEOPT PACKING pc=0x000000000329ff94 sp=0x000000000278e620
Event: 13.259 Thread 0x0000000002983800 DEOPT UNPACKING pc=0x0000000002ac557b sp=0x000000000278e510 mode 2
Event: 13.259 Thread 0x0000000002983800 Uncommon trap: trap_request=0xffffff65 fr.pc=0x000000000329cb64
Event: 13.259 Thread 0x0000000002983800 DEOPT PACKING pc=0x000000000329cb64 sp=0x000000000278e5c0
Event: 13.259 Thread 0x0000000002983800 DEOPT UNPACKING pc=0x0000000002ac557b sp=0x000000000278e518 mode 2


Dynamic libraries:
0x00007ff667590000 - 0x00007ff6675c5000 	C:\Program Files\Android\Jdk\microsoft_dist_openjdk_1.8.0.25\bin\java.exe
0x00007ffb9d070000 - 0x00007ffb9d265000 	C:\Windows\SYSTEM32\ntdll.dll
0x00007ffb9b290000 - 0x00007ffb9b34d000 	C:\Windows\System32\KERNEL32.DLL
0x00007ffb9ac30000 - 0x00007ffb9aef9000 	C:\Windows\System32\KERNELBASE.dll
0x00007ffb9b8a0000 - 0x00007ffb9b94c000 	C:\Windows\System32\ADVAPI32.dll
0x00007ffb9c7c0000 - 0x00007ffb9c85e000 	C:\Windows\System32\msvcrt.dll
0x00007ffb9beb0000 - 0x00007ffb9bf4b000 	C:\Windows\System32\sechost.dll
0x00007ffb9ca10000 - 0x00007ffb9cb3a000 	C:\Windows\System32\RPCRT4.dll
0x00007ffb9b9b0000 - 0x00007ffb9bb50000 	C:\Windows\System32\USER32.dll
0x00007ffb9b0b0000 - 0x00007ffb9b0d2000 	C:\Windows\System32\win32u.dll
0x00007ffb9b7f0000 - 0x00007ffb9b81a000 	C:\Windows\System32\GDI32.dll
0x00007ffb9aa10000 - 0x00007ffb9ab1b000 	C:\Windows\System32\gdi32full.dll
0x00007ffb9a940000 - 0x00007ffb9a9dd000 	C:\Windows\System32\msvcp_win.dll
0x00007ffb9a7b0000 - 0x00007ffb9a8b0000 	C:\Windows\System32\ucrtbase.dll
0x00007ffb8c4c0000 - 0x00007ffb8c75a000 	C:\Windows\WinSxS\amd64_microsoft.windows.common-controls_6595b64144ccf1df_6.0.19041.1110_none_60b5254171f9507e\COMCTL32.dll
0x00007ffb9b350000 - 0x00007ffb9b380000 	C:\Windows\System32\IMM32.DLL
0x000000006ca90000 - 0x000000006cb61000 	C:\Program Files\Android\Jdk\microsoft_dist_openjdk_1.8.0.25\jre\bin\msvcr100.dll
0x000000006c240000 - 0x000000006ca85000 	C:\Program Files\Android\Jdk\microsoft_dist_openjdk_1.8.0.25\jre\bin\server\jvm.dll
0x00007ffb9c9a0000 - 0x00007ffb9c9a8000 	C:\Windows\System32\PSAPI.DLL
0x00007ffb910c0000 - 0x00007ffb910c9000 	C:\Windows\SYSTEM32\WSOCK32.dll
0x00007ffb9cc30000 - 0x00007ffb9cc9b000 	C:\Windows\System32\WS2_32.dll
0x00007ffb8c2f0000 - 0x00007ffb8c317000 	C:\Windows\SYSTEM32\WINMM.dll
0x00007ffb90a10000 - 0x00007ffb90a1a000 	C:\Windows\SYSTEM32\VERSION.dll
0x00007ffb93ab0000 - 0x00007ffb93abf000 	C:\Program Files\Android\Jdk\microsoft_dist_openjdk_1.8.0.25\jre\bin\verify.dll
0x00007ffb93a80000 - 0x00007ffb93aa9000 	C:\Program Files\Android\Jdk\microsoft_dist_openjdk_1.8.0.25\jre\bin\java.dll
0x00007ffb8e390000 - 0x00007ffb8e3a6000 	C:\Program Files\Android\Jdk\microsoft_dist_openjdk_1.8.0.25\jre\bin\zip.dll
0x00007ffb9c080000 - 0x00007ffb9c7bf000 	C:\Windows\System32\SHELL32.dll
0x00007ffb988e0000 - 0x00007ffb99071000 	C:\Windows\SYSTEM32\windows.storage.dll
0x00007ffb9bb50000 - 0x00007ffb9bea5000 	C:\Windows\System32\combase.dll
0x00007ffb9a220000 - 0x00007ffb9a24c000 	C:\Windows\SYSTEM32\Wldp.dll
0x00007ffb9ceb0000 - 0x00007ffb9cf5e000 	C:\Windows\System32\SHCORE.dll
0x00007ffb9b840000 - 0x00007ffb9b895000 	C:\Windows\System32\shlwapi.dll
0x00007ffb9a6f0000 - 0x00007ffb9a70f000 	C:\Windows\SYSTEM32\profapi.dll
0x00007ffb79a10000 - 0x00007ffb79a2a000 	C:\Program Files\Android\jdk\microsoft_dist_openjdk_1.8.0.25\jre\bin\net.dll
0x00007ffb99f80000 - 0x00007ffb99fea000 	C:\Windows\system32\mswsock.dll
0x00007ffb79130000 - 0x00007ffb79141000 	C:\Program Files\Android\jdk\microsoft_dist_openjdk_1.8.0.25\jre\bin\nio.dll

VM Arguments:
jvm_args: -Xmx1G 
java_command: com.android.tools.r8.R8 --release --min-api 4 --output obj\Release\90\android\bin\ --lib C:\Program Files (x86)\Android\android-sdk\platforms\android-28\android.jar obj\Release\90\android\bin\classes.zip C:\Program Files (x86)\Microsoft Visual Studio\2019\Community\Common7\IDE\ReferenceAssemblies\Microsoft\Framework\MonoAndroid\v9.0\mono.android.jar C:\Program Files (x86)\Microsoft Visual Studio\2019\Community\MSBuild\Xamarin\Android\\java_runtime.jar C:\Program Files (x86)\Microsoft Visual Studio\2019\Community\MSBuild\Xamarin\Android\android-support-multidex.jar obj\Release\90\lp\0\jl\cw-deviceapi20190815.jar obj\Release\90\lp\0\jl\IGLBarDecoder.jar obj\Release\90\lp\1\jl\jars\classes.jar obj\Release\90\lp\11\jl\android.arch.core.common.jar obj\Release\90\lp\12\jl\bin\classes.jar obj\Release\90\lp\13\jl\android.arch.lifecycle.common.jar obj\Release\90\lp\14\jl\bin\classes.jar obj\Release\90\lp\15\jl\bin\classes.jar obj\Release\90\lp\16\jl\bin\classes.jar obj\Release\90\lp\17\jl\bin\classes.jar obj\Release\90\lp\18\jl\bin\classes.jar obj\Release\90\lp\19\jl\com.android.support.support-annotations.jar obj\Release\90\lp\2\jl\bin\classes.jar obj\Release\90\lp\20\jl\bin\classes.jar obj\Release\90\lp\21\jl\com.android.support.collections.jar obj\Release\90\lp\22\jl\bin\classes.jar obj\Release\90\lp\23\jl\bin\classes.jar obj\Release\90\lp\24\jl\bin\classes.jar obj\Release\90\lp\25\jl\bin\classes.jar obj\Release\90\lp\26\jl\bin\classes.jar obj\Release\90\lp\27\jl\bin\classes.jar obj\Release\90\lp\28\jl\bin\classes.jar obj\Release\90\lp\29\jl\bin\classes.jar obj\Release\90\lp\30\jl\bin\classes.jar obj\Release\90\lp\31\jl\bin\classes.jar obj\Release\90\lp\32\jl\bin\classes.jar obj\Release\90\lp\33\jl\bin\classes.jar obj\Release\90\lp\34\jl\bin\classes.jar obj\Release\90\lp\35\jl\bin\classes.jar obj\Release\90\lp\36\jl\bin\classes.jar obj\Release\90\lp\37\jl\bin\classes.jar obj\Release\90\lp\38\jl\bin\classes.jar obj\Release\90\lp\39\jl\bin\classes.jar obj\Re
java_class_path (initial): C:\Program Files (x86)\Microsoft Visual Studio\2019\Community\MSBuild\Xamarin\Android\r8.jar
Launcher Type: SUN_STANDARD

Environment Variables:
PATH=C:\Program Files\Android\Jdk\microsoft_dist_openjdk_1.8.0.25\bin;C:\Windows\system32;C:\Windows;C:\Windows\System32\Wbem;C:\Windows\System32\WindowsPowerShell\v1.0\;C:\Windows\System32\OpenSSH\;C:\Program Files\dotnet\;C:\Program Files\Microsoft SQL Server\130\Tools\Binn\;C:\Program Files\Microsoft SQL Server\Client SDK\ODBC\170\Tools\Binn\;C:\Program Files\Git\cmd;C:\Program Files (x86)\Microsoft SQL Server\150\DTS\Binn\;C:\Program Files\Azure Data Studio\bin;C:\xampp\php;C:\ProgramData\ComposerSetup\bin;C:\Program Files (x86)\dotnet\;c:\Program Files (x86)\Microsoft SQL Server\90\Tools\binn\;C:\Users\Janko\AppData\Local\Programs\Python\Python39\Scripts\;C:\Users\Janko\AppData\Local\Programs\Python\Python39\;C:\Users\Janko\AppData\Local\Microsoft\WindowsApps;C:\Users\Janko\AppData\Local\Programs\Microsoft VS Code\bin;C:\Users\Janko\.dotnet\tools;C:\Users\Janko\AppData\Roaming\Composer\vendor\bin
USERNAME=Janko
OS=Windows_NT
PROCESSOR_IDENTIFIER=Intel64 Family 6 Model 23 Stepping 6, GenuineIntel



---------------  S Y S T E M  ---------------

OS: Windows 10.0 , 64 bit Build 19041 (10.0.19041.1023)

CPU:total 2 (initial active 2) (2 cores per cpu, 1 threads per core) family 6 model 23 stepping 6, cmov, cx8, fxsr, mmx, sse, sse2, sse3, ssse3, sse4.1, tsc

Memory: 4k page, physical 8280084k(111660k free), swap 22932368k(5444k free)

vm_info: OpenJDK 64-Bit Server VM (25.71-b00) for windows-amd64 JRE (1.8.0-25-microsoft-b00), built on Feb  7 2019 20:09:14 by "builder" with MS VC++ 10.0 (VS2010)

time: Mon Jul 19 15:03:44 2021
timezone: Central Europe Daylight Time
elapsed time: 13 seconds (0d 0h 0m 13s)

